This is XeTeX, Version 3.141592653-2.6-0.999994 (TeX Live 2022/nixos.org) (preloaded format=xelatex 1980.1.1)  26 APR 2024 11:58
entering extended mode
 restricted \write18 enabled.
 file:line:error style messages enabled.
 %&-line parsing enabled.
**main.tex
(./main.tex
LaTeX2e <2022-11-01> patch level 1
L3 programming layer <2023-02-22> (/nix/store/dy298nc1lrfg8h9zdc7yiqrzzd4qgk27-texlive-combined-full-2022-final-texmfdist/tex/latex/koma-script/scrreprt.cls
Document Class: scrreprt 2022/10/12 v3.38 KOMA-Script document class (report)
(/nix/store/dy298nc1lrfg8h9zdc7yiqrzzd4qgk27-texlive-combined-full-2022-final-texmfdist/tex/latex/koma-script/scrkbase.sty
Package: scrkbase 2022/10/12 v3.38 KOMA-Script package (KOMA-Script-dependent basics and keyval usage)
 (/nix/store/dy298nc1lrfg8h9zdc7yiqrzzd4qgk27-texlive-combined-full-2022-final-texmfdist/tex/latex/koma-script/scrbase.sty
Package: scrbase 2022/10/12 v3.38 KOMA-Script package (KOMA-Script-independent basics and keyval usage)
 (/nix/store/dy298nc1lrfg8h9zdc7yiqrzzd4qgk27-texlive-combined-full-2022-final-texmfdist/tex/latex/koma-script/scrlfile.sty
Package: scrlfile 2022/10/12 v3.38 KOMA-Script package (file load hooks)
 (/nix/store/dy298nc1lrfg8h9zdc7yiqrzzd4qgk27-texlive-combined-full-2022-final-texmfdist/tex/latex/koma-script/scrlfile-hook.sty
Package: scrlfile-hook 2022/10/12 v3.38 KOMA-Script package (using LaTeX hooks)
 (/nix/store/dy298nc1lrfg8h9zdc7yiqrzzd4qgk27-texlive-combined-full-2022-final-texmfdist/tex/latex/koma-script/scrlogo.sty
Package: scrlogo 2022/10/12 v3.38 KOMA-Script package (logo)
))) (/nix/store/dy298nc1lrfg8h9zdc7yiqrzzd4qgk27-texlive-combined-full-2022-final-texmfdist/tex/latex/graphics/keyval.sty
Package: keyval 2022/05/29 v1.15 key=value parser (DPC)
\KV@toks@=\toks16
)
Applying: [2021/05/01] Usage of raw or classic option list on input line 252.
Already applied: [0000/00/00] Usage of raw or classic option list on input line 368.
)) (/nix/store/dy298nc1lrfg8h9zdc7yiqrzzd4qgk27-texlive-combined-full-2022-final-texmfdist/tex/latex/koma-script/tocbasic.sty
Package: tocbasic 2022/10/12 v3.38 KOMA-Script package (handling toc-files)
\scr@dte@tocline@numberwidth=\skip48
\scr@dte@tocline@numbox=\box51
)
Package tocbasic Info: omitting babel extension for `toc'
(tocbasic)             because of feature `nobabel' available
(tocbasic)             for `toc' on input line 137.
Class scrreprt Info: File `size14.clo' used to setup font sizes on input line 2614.
 (/nix/store/dy298nc1lrfg8h9zdc7yiqrzzd4qgk27-texlive-combined-full-2022-final-texmfdist/tex/latex/extsizes/size14.clo
File: size14.clo 1999/11/11 v1.4a NON-Standard LaTeX file (size option)
) (/nix/store/dy298nc1lrfg8h9zdc7yiqrzzd4qgk27-texlive-combined-full-2022-final-texmfdist/tex/latex/koma-script/typearea.sty
Package: typearea 2022/10/12 v3.38 KOMA-Script package (type area)
\ta@bcor=\skip49
\ta@div=\count181
\ta@hblk=\skip50
\ta@vblk=\skip51
\ta@temp=\skip52
\footheight=\skip53
Package typearea Info: These are the values describing the layout:
(typearea)             DIV  = 20
(typearea)             BCOR = 0.0pt
(typearea)             \paperwidth      = 597.50793pt
(typearea)              \textwidth      = 507.88174pt
(typearea)              DIV departure   = 0%
(typearea)              \evensidemargin = -12.5192pt
(typearea)              \oddsidemargin  = -42.39459pt
(typearea)             \paperheight     = 845.04694pt
(typearea)              \textheight     = 728.0pt
(typearea)              \topmargin      = -76.76765pt
(typearea)              \headheight     = 21.25pt
(typearea)              \headsep        = 25.5pt
(typearea)              \topskip        = 14.0pt
(typearea)              \footskip       = 59.5pt
(typearea)              \baselineskip   = 17.0pt
(typearea)              on input line 1767.
)
\c@part=\count182
\c@chapter=\count183
\c@section=\count184
\c@subsection=\count185
\c@subsubsection=\count186
\c@paragraph=\count187
\c@subparagraph=\count188
\scr@dte@chapter@maxnumwidth=\skip54
Class scrreprt Info: using compatibility default `afterindent=bysign'
(scrreprt)           for `\chapter on input line 5902.
\scr@dte@section@maxnumwidth=\skip55
Class scrreprt Info: using compatibility default `runin=bysign'
(scrreprt)           for `\section on input line 5913.
Class scrreprt Info: using compatibility default `afterindent=bysign'
(scrreprt)           for `\section on input line 5913.
\scr@dte@part@maxnumwidth=\skip56
Class scrreprt Info: using compatibility default `afterindent=true'
(scrreprt)           for `\part on input line 5922.
\scr@dte@subsection@maxnumwidth=\skip57
Class scrreprt Info: using compatibility default `runin=bysign'
(scrreprt)           for `\subsection on input line 5932.
Class scrreprt Info: using compatibility default `afterindent=bysign'
(scrreprt)           for `\subsection on input line 5932.
\scr@dte@subsubsection@maxnumwidth=\skip58
Class scrreprt Info: using compatibility default `runin=bysign'
(scrreprt)           for `\subsubsection on input line 5942.
Class scrreprt Info: using compatibility default `afterindent=bysign'
(scrreprt)           for `\subsubsection on input line 5942.
\scr@dte@paragraph@maxnumwidth=\skip59
Class scrreprt Info: using compatibility default `runin=bysign'
(scrreprt)           for `\paragraph on input line 5953.
Class scrreprt Info: using compatibility default `afterindent=bysign'
(scrreprt)           for `\paragraph on input line 5953.
\scr@dte@subparagraph@maxnumwidth=\skip60
Class scrreprt Info: using compatibility default `runin=bysign'
(scrreprt)           for `\subparagraph on input line 5963.
Class scrreprt Info: using compatibility default `afterindent=bysign'
(scrreprt)           for `\subparagraph on input line 5963.
\abovecaptionskip=\skip61
\belowcaptionskip=\skip62
\c@pti@nb@sid@b@x=\box52
Package tocbasic Info: omitting babel extension for `lof'
(tocbasic)             because of feature `nobabel' available
(tocbasic)             for `lof' on input line 7140.
\scr@dte@figure@maxnumwidth=\skip63
\c@figure=\count189
Package tocbasic Info: omitting babel extension for `lot'
(tocbasic)             because of feature `nobabel' available
(tocbasic)             for `lot' on input line 7157.
\scr@dte@table@maxnumwidth=\skip64
\c@table=\count190
Class scrreprt Info: Redefining `\numberline' on input line 7328.
\bibindent=\dimen140
) (/nix/store/dy298nc1lrfg8h9zdc7yiqrzzd4qgk27-texlive-combined-full-2022-final-texmfdist/tex/latex/leadsheets/leadsheets.sty (/nix/store/dy298nc1lrfg8h9zdc7yiqrzzd4qgk27-texlive-combined-full-2022-final-texmfdist/tex/latex/l3kernel/expl3.sty
Package: expl3 2023-02-22 L3 programming layer (loader) 
 (/nix/store/dy298nc1lrfg8h9zdc7yiqrzzd4qgk27-texlive-combined-full-2022-final-texmfdist/tex/latex/l3backend/l3backend-xetex.def
File: l3backend-xetex.def 2023-01-16 L3 backend support: XeTeX
\g__graphics_track_int=\count191
\l__pdf_internal_box=\box53
\g__pdf_backend_object_int=\count192
\g__pdf_backend_annotation_int=\count193
\g__pdf_backend_link_int=\count194
)) (/nix/store/dy298nc1lrfg8h9zdc7yiqrzzd4qgk27-texlive-combined-full-2022-final-texmfdist/tex/latex/l3packages/l3keys2e/l3keys2e.sty
Package: l3keys2e 2023-02-02 LaTeX2e option processing using LaTeX3 keys
) (/nix/store/dy298nc1lrfg8h9zdc7yiqrzzd4qgk27-texlive-combined-full-2022-final-texmfdist/tex/latex/l3packages/xparse/xparse.sty
Package: xparse 2023-02-02 L3 Experimental document command parser
) (/nix/store/dy298nc1lrfg8h9zdc7yiqrzzd4qgk27-texlive-combined-full-2022-final-texmfdist/tex/latex/translations/translations.sty
Package: translations 2022/02/05 v1.12 internationalization of LaTeX2e packages (CN)
 (/nix/store/dy298nc1lrfg8h9zdc7yiqrzzd4qgk27-texlive-combined-full-2022-final-texmfdist/tex/latex/etoolbox/etoolbox.sty
Package: etoolbox 2020/10/05 v2.5k e-TeX tools for LaTeX (JAW)
\etb@tempcnta=\count195
)
(/nix/store/dy298nc1lrfg8h9zdc7yiqrzzd4qgk27-texlive-combined-full-2022-final-texmfdist/tex/generic/pdftexcmds/pdftexcmds.sty
Package: pdftexcmds 2020-06-27 v0.33 Utility functions of pdfTeX for LuaTeX (HO)
 (/nix/store/dy298nc1lrfg8h9zdc7yiqrzzd4qgk27-texlive-combined-full-2022-final-texmfdist/tex/generic/infwarerr/infwarerr.sty
Package: infwarerr 2019/12/03 v1.5 Providing info/warning/error messages (HO)
) (/nix/store/dy298nc1lrfg8h9zdc7yiqrzzd4qgk27-texlive-combined-full-2022-final-texmfdist/tex/generic/iftex/iftex.sty
Package: iftex 2022/02/03 v1.0f TeX engine tests
) (/nix/store/dy298nc1lrfg8h9zdc7yiqrzzd4qgk27-texlive-combined-full-2022-final-texmfdist/tex/generic/ltxcmds/ltxcmds.sty
Package: ltxcmds 2020-05-10 v1.25 LaTeX kernel commands for general use (HO)
)
Package pdftexcmds Info: \pdf@primitive is available.
Package pdftexcmds Info: \pdf@ifprimitive is available.
Package pdftexcmds Info: \pdfdraftmode not found.
))
Package: leadsheets 2022/01/05 v0.7 Typesettingleadsheetsandsongbooks (CN)
\l__leadsheets_tmpa_dim=\dimen141
\l__leadsheets_tmpa_int=\count196
\l__leadsheets_tmpb_int=\count197
\l__leadsheets_tmpc_int=\count198
\l__leadsheets_tmpa_box=\box54
(leadsheets)    Loading library `songs'...
 (/nix/store/dy298nc1lrfg8h9zdc7yiqrzzd4qgk27-texlive-combined-full-2022-final-texmfdist/tex/latex/leadsheets/leadsheets.library.songs.code.tex
File: leadsheets.library.songs.code.tex 2022/01/05 v0.7 leadsheets library `songs' 2019/10/02 typesetting songs
\l__leadsheets_transpose_steps_int=\count199
\l__leadsheets_capo_int=\count266
\g__leadsheets_song_id_int=\count267
\l__leadsheets_obey_parskip_skip=\skip65
\l__leadsheets_obey_parindent_skip=\skip66
(leadsheets)    Loading library `musicsymbols'...
 (/nix/store/dy298nc1lrfg8h9zdc7yiqrzzd4qgk27-texlive-combined-full-2022-final-texmfdist/tex/latex/leadsheets/leadsheets.library.musicsymbols.code.tex
File: leadsheets.library.musicsymbols.code.tex 2022/01/05 v0.7 leadsheets library `musicsymbols' 2016/02/15 musical symbols
 (/nix/store/dy298nc1lrfg8h9zdc7yiqrzzd4qgk27-texlive-combined-full-2022-final-texmfdist/tex/latex/amsmath/amsmath.sty
Package: amsmath 2022/04/08 v2.17n AMS math features
\@mathmargin=\skip67

For additional information on amsmath, use the `?' option.
(/nix/store/dy298nc1lrfg8h9zdc7yiqrzzd4qgk27-texlive-combined-full-2022-final-texmfdist/tex/latex/amsmath/amstext.sty
Package: amstext 2021/08/26 v2.01 AMS text
 (/nix/store/dy298nc1lrfg8h9zdc7yiqrzzd4qgk27-texlive-combined-full-2022-final-texmfdist/tex/latex/amsmath/amsgen.sty
File: amsgen.sty 1999/11/30 v2.0 generic functions
\@emptytoks=\toks17
\ex@=\dimen142
)) (/nix/store/dy298nc1lrfg8h9zdc7yiqrzzd4qgk27-texlive-combined-full-2022-final-texmfdist/tex/latex/amsmath/amsbsy.sty
Package: amsbsy 1999/11/29 v1.2d Bold Symbols
\pmbraise@=\dimen143
) (/nix/store/dy298nc1lrfg8h9zdc7yiqrzzd4qgk27-texlive-combined-full-2022-final-texmfdist/tex/latex/amsmath/amsopn.sty
Package: amsopn 2022/04/08 v2.04 operator names
)
\inf@bad=\count268
LaTeX Info: Redefining \frac on input line 234.
\uproot@=\count269
\leftroot@=\count270
LaTeX Info: Redefining \overline on input line 399.
LaTeX Info: Redefining \colon on input line 410.
\classnum@=\count271
\DOTSCASE@=\count272
LaTeX Info: Redefining \ldots on input line 496.
LaTeX Info: Redefining \dots on input line 499.
LaTeX Info: Redefining \cdots on input line 620.
\Mathstrutbox@=\box55
\strutbox@=\box56
LaTeX Info: Redefining \big on input line 722.
LaTeX Info: Redefining \Big on input line 723.
LaTeX Info: Redefining \bigg on input line 724.
LaTeX Info: Redefining \Bigg on input line 725.
\big@size=\dimen144
LaTeX Font Info:    Redeclaring font encoding OML on input line 743.
LaTeX Font Info:    Redeclaring font encoding OMS on input line 744.
\macc@depth=\count273
LaTeX Info: Redefining \bmod on input line 905.
LaTeX Info: Redefining \pmod on input line 910.
LaTeX Info: Redefining \smash on input line 940.
LaTeX Info: Redefining \relbar on input line 970.
LaTeX Info: Redefining \Relbar on input line 971.
\c@MaxMatrixCols=\count274
\dotsspace@=\muskip16
\c@parentequation=\count275
\dspbrk@lvl=\count276
\tag@help=\toks18
\row@=\count277
\column@=\count278
\maxfields@=\count279
\andhelp@=\toks19
\eqnshift@=\dimen145
\alignsep@=\dimen146
\tagshift@=\dimen147
\tagwidth@=\dimen148
\totwidth@=\dimen149
\lineht@=\dimen150
\@envbody=\toks20
\multlinegap=\skip68
\multlinetaggap=\skip69
\mathdisplay@stack=\toks21
LaTeX Info: Redefining \[ on input line 2953.
LaTeX Info: Redefining \] on input line 2954.
)
\leadsheets@barheight=\skip70
)
(leadsheets)    Loading library `chordnames'...
 (/nix/store/dy298nc1lrfg8h9zdc7yiqrzzd4qgk27-texlive-combined-full-2022-final-texmfdist/tex/latex/leadsheets/leadsheets.library.chordnames.code.tex
File: leadsheets.library.chordnames.code.tex 2022/01/05 v0.7 leadsheets library `chordnames' 2016/07/05 typesetting chord names with easy syntax
)
(leadsheets)    Loading library `chords'...
 (/nix/store/dy298nc1lrfg8h9zdc7yiqrzzd4qgk27-texlive-combined-full-2022-final-texmfdist/tex/latex/leadsheets/leadsheets.library.chords.code.tex
File: leadsheets.library.chords.code.tex 2022/01/05 v0.7 leadsheets library `chords' 2016/07/02 printing chords
\l__leadsheets_empty_chord_dim=\dimen151
)
(leadsheets)    Loading library `shorthands'...
 (/nix/store/dy298nc1lrfg8h9zdc7yiqrzzd4qgk27-texlive-combined-full-2022-final-texmfdist/tex/latex/leadsheets/leadsheets.library.shorthands.code.tex
File: leadsheets.library.shorthands.code.tex 2022/01/05 v0.7 leadsheets library `shorthands' 2016/06/29 definition and activation of shorthands
)
(leadsheets)    Loading library `properties'...
 (/nix/store/dy298nc1lrfg8h9zdc7yiqrzzd4qgk27-texlive-combined-full-2022-final-texmfdist/tex/latex/leadsheets/leadsheets.library.properties.code.tex
File: leadsheets.library.properties.code.tex 2022/01/05 v0.7 leadsheets library `properties' 2016/05/18 song properties
)
(leadsheets)    Loading library `transposing'...
 (/nix/store/dy298nc1lrfg8h9zdc7yiqrzzd4qgk27-texlive-combined-full-2022-final-texmfdist/tex/latex/leadsheets/leadsheets.library.transposing.code.tex
File: leadsheets.library.transposing.code.tex 2022/01/05 v0.7 leadsheets library `transposing' 2014/08/10 transposing of chord symbols
)
(leadsheets)    Loading library `templates'...
 (/nix/store/dy298nc1lrfg8h9zdc7yiqrzzd4qgk27-texlive-combined-full-2022-final-texmfdist/tex/latex/leadsheets/leadsheets.library.templates.code.tex
File: leadsheets.library.templates.code.tex 2022/01/05 v0.7 leadsheets library `templates' 2014/08/10 template mechanism for song titles and verses
)
(leadsheets)    Loading library `translations'...
 (/nix/store/dy298nc1lrfg8h9zdc7yiqrzzd4qgk27-texlive-combined-full-2022-final-texmfdist/tex/latex/leadsheets/leadsheets.library.translations.code.tex
File: leadsheets.library.translations.code.tex 2022/01/05 v0.7 leadsheets library `translations' 2016/06/28 dictionary for leadsheets
)
\c@verse=\count280
\c@verse*=\count281
\c@chorus=\count282
\c@chorus*=\count283
\c@intro=\count284
\c@intro*=\count285
\c@outro=\count286
\c@interlude=\count287
\c@bridge=\count288
\c@info=\count289
\c@solo*=\count290
\c@solo=\count291
)) (/nix/store/dy298nc1lrfg8h9zdc7yiqrzzd4qgk27-texlive-combined-full-2022-final-texmfdist/tex/latex/booktabs/booktabs.sty
Package: booktabs 2020/01/12 v1.61803398 Publication quality tables
\heavyrulewidth=\dimen152
\lightrulewidth=\dimen153
\cmidrulewidth=\dimen154
\belowrulesep=\dimen155
\belowbottomsep=\dimen156
\aboverulesep=\dimen157
\abovetopsep=\dimen158
\cmidrulesep=\dimen159
\cmidrulekern=\dimen160
\defaultaddspace=\dimen161
\@cmidla=\count292
\@cmidlb=\count293
\@aboverulesep=\dimen162
\@belowrulesep=\dimen163
\@thisruleclass=\count294
\@lastruleclass=\count295
\@thisrulewidth=\dimen164
) (/nix/store/dy298nc1lrfg8h9zdc7yiqrzzd4qgk27-texlive-combined-full-2022-final-texmfdist/tex/latex/units/nicefrac.sty
Package: nicefrac 1998/08/04 v0.9b Nice fractions
\L@UnitsRaiseDisplaystyle=\skip71
\L@UnitsRaiseTextstyle=\skip72
\L@UnitsRaiseScriptstyle=\skip73
 (/nix/store/dy298nc1lrfg8h9zdc7yiqrzzd4qgk27-texlive-combined-full-2022-final-texmfdist/tex/latex/base/ifthen.sty
Package: ifthen 2022/04/13 v1.1d Standard LaTeX ifthen package (DPC)
)) (/nix/store/dy298nc1lrfg8h9zdc7yiqrzzd4qgk27-texlive-combined-full-2022-final-texmfdist/tex/latex/nowidow/nowidow.sty
Package: nowidow 2011/09/20 1.0 Easily prevent widows and orphans
Package: nowidow 

(/nix/store/dy298nc1lrfg8h9zdc7yiqrzzd4qgk27-texlive-combined-full-2022-final-texmfdist/tex/latex/kvoptions/kvoptions.sty
Package: kvoptions 2022-06-15 v3.15 Key value format for package options (HO)
 (/nix/store/dy298nc1lrfg8h9zdc7yiqrzzd4qgk27-texlive-combined-full-2022-final-texmfdist/tex/latex/kvsetkeys/kvsetkeys.sty
Package: kvsetkeys 2022-10-05 v1.19 Key value parser (HO)
))) (/nix/store/dy298nc1lrfg8h9zdc7yiqrzzd4qgk27-texlive-combined-full-2022-final-texmfdist/tex/latex/polyglossia/polyglossia.sty
Package: polyglossia 2023/02/11 v1.60 Modern multilingual typesetting with XeLaTeX and LuaLaTeX
 (/nix/store/dy298nc1lrfg8h9zdc7yiqrzzd4qgk27-texlive-combined-full-2022-final-texmfdist/tex/latex/makecmds/makecmds.sty
Package: makecmds 2009/09/03 v1.0a extra command making commands
) (/nix/store/dy298nc1lrfg8h9zdc7yiqrzzd4qgk27-texlive-combined-full-2022-final-texmfdist/tex/latex/xkeyval/xkeyval.sty
Package: xkeyval 2022/06/16 v2.9 package option processing (HA)
 (/nix/store/dy298nc1lrfg8h9zdc7yiqrzzd4qgk27-texlive-combined-full-2022-final-texmfdist/tex/generic/xkeyval/xkeyval.tex (/nix/store/dy298nc1lrfg8h9zdc7yiqrzzd4qgk27-texlive-combined-full-2022-final-texmfdist/tex/generic/xkeyval/xkvutils.tex
\XKV@toks=\toks22
\XKV@tempa@toks=\toks23
)
\XKV@depth=\count296
File: xkeyval.tex 2014/12/03 v2.7a key=value parser (HA)
)) (/nix/store/dy298nc1lrfg8h9zdc7yiqrzzd4qgk27-texlive-combined-full-2022-final-texmfdist/tex/latex/fontspec/fontspec.sty
Package: fontspec 2022/01/15 v2.8a Font selection for XeLaTeX and LuaLaTeX
 (/nix/store/dy298nc1lrfg8h9zdc7yiqrzzd4qgk27-texlive-combined-full-2022-final-texmfdist/tex/latex/fontspec/fontspec-xetex.sty
Package: fontspec-xetex 2022/01/15 v2.8a Font selection for XeLaTeX and LuaLaTeX
\l__fontspec_script_int=\count297
\l__fontspec_language_int=\count298
\l__fontspec_strnum_int=\count299
\l__fontspec_tmp_int=\count300
\l__fontspec_tmpa_int=\count301
\l__fontspec_tmpb_int=\count302
\l__fontspec_tmpc_int=\count303
\l__fontspec_em_int=\count304
\l__fontspec_emdef_int=\count305
\l__fontspec_strong_int=\count306
\l__fontspec_strongdef_int=\count307
\l__fontspec_tmpa_dim=\dimen165
\l__fontspec_tmpb_dim=\dimen166
\l__fontspec_tmpc_dim=\dimen167
 (/nix/store/dy298nc1lrfg8h9zdc7yiqrzzd4qgk27-texlive-combined-full-2022-final-texmfdist/tex/latex/base/fontenc.sty
Package: fontenc 2021/04/29 v2.0v Standard LaTeX package
) (/nix/store/dy298nc1lrfg8h9zdc7yiqrzzd4qgk27-texlive-combined-full-2022-final-texmfdist/tex/latex/fontspec/fontspec.cfg)))
\xpg@normalclass=\XeTeXcharclass1
 (/nix/store/dy298nc1lrfg8h9zdc7yiqrzzd4qgk27-texlive-combined-full-2022-final-texmfdist/tex/latex/polyglossia/gloss-latex.lde
Package: gloss-latex 2023/02/11 vv1.60 polyglossia: module for default language
The property list \polyglossia@langsetup contains the pairs (without outer
braces):
>  {latex/script}  =>  {latin}
>  {latex/lcscript}  =>  {latin}
>  {latex/scripttag}  =>  {}
>  {latex/language}  =>  {Latex}
>  {latex/langtag}  =>  {ENG}
>  {latex/bcp47}  =>  {}
>  {latex/hyphennames}  =>  {english}
>  {latex/direction}  =>  {LR}
>  {latex/hyphenmins}  =>  {2,3}
>  {latex/frenchspacing}  =>  {false}
>  {latex/indentfirst}  =>  {false}
>  {latex/fontsetup}  =>  {true}
>  {latex/envname}  =>  {latex}
>  {latex/babelname}  =>  {latex}
>  {latex/localnumeral}  =>  {polyglossia@C@localnumeral}
>  {latex/Localnumeral}  =>  {polyglossia@C@localnumeral}
>  {latex/DefineCommandsCmd}  =>  {use_none:n}.
)
Package polyglossia Info: Default language is latex.
)

Package fontspec Info: Font family 'LinuxBiolinumO(0)' created for font 'Linux
(fontspec)             Biolinum O' with options [Ligatures=TeX].
(fontspec)              
(fontspec)              This font family consists of the following NFSS
(fontspec)             series/shapes:
(fontspec)              
(fontspec)             - 'normal' (m/n) with NFSS spec.: <->"Linux Biolinum
(fontspec)             O/OT:script=latn;language=dflt;mapping=tex-text;"
(fontspec)             - 'small caps'  (m/sc) with NFSS spec.: <->"Linux
(fontspec)             Biolinum
(fontspec)             O/OT:script=latn;language=dflt;+smcp;mapping=tex-text;"
(fontspec)             - 'bold' (b/n) with NFSS spec.: <->"Linux Biolinum
(fontspec)             O/B/OT:script=latn;language=dflt;mapping=tex-text;"
(fontspec)             - 'bold small caps'  (b/sc) with NFSS spec.: <->"Linux
(fontspec)             Biolinum
(fontspec)             O/B/OT:script=latn;language=dflt;+smcp;mapping=tex-text;"
(fontspec)             - 'italic' (m/it) with NFSS spec.: <->"Linux Biolinum
(fontspec)             O/I/OT:script=latn;language=dflt;mapping=tex-text;"
(fontspec)             - 'italic small caps'  (m/scit) with NFSS spec.:
(fontspec)             <->"Linux Biolinum
(fontspec)             O/I/OT:script=latn;language=dflt;+smcp;mapping=tex-text;"
(fontspec)             - 'bold italic' (b/it) with NFSS spec.: <->"Linux
(fontspec)             Biolinum
(fontspec)             O/BI/OT:script=latn;language=dflt;mapping=tex-text;"
(fontspec)             - 'bold italic small caps'  (b/scit) with NFSS spec.:
(fontspec)             <->"Linux Biolinum
(fontspec)             O/BI/OT:script=latn;language=dflt;+smcp;mapping=tex-text;"

 (/nix/store/dy298nc1lrfg8h9zdc7yiqrzzd4qgk27-texlive-combined-full-2022-final-texmfdist/tex/xelatex/xunicode/xunicode.sty
File: xunicode.sty 2011/09/09 v0.981 provides access to latin accents and many other characters in Unicode lower plane
 (/nix/store/dy298nc1lrfg8h9zdc7yiqrzzd4qgk27-texlive-combined-full-2022-final-texmfdist/tex/latex/tipa/t3enc.def
File: t3enc.def 2001/12/31 T3 encoding
LaTeX Font Info:    Font shape `TU/LinuxBiolinumO(0)/m/sl' in size <14.4> not available
(Font)              Font shape `TU/LinuxBiolinumO(0)/m/it' tried instead on input line 316.
)
\tipaTiiicode=\count308
\tipasavetokens=\toks24
\tipachecktokens=\toks25
 (/nix/store/dy298nc1lrfg8h9zdc7yiqrzzd4qgk27-texlive-combined-full-2022-final-texmfdist/tex/latex/graphics/graphicx.sty
Package: graphicx 2021/09/16 v1.2d Enhanced LaTeX Graphics (DPC,SPQR)
 (/nix/store/dy298nc1lrfg8h9zdc7yiqrzzd4qgk27-texlive-combined-full-2022-final-texmfdist/tex/latex/graphics/graphics.sty
Package: graphics 2022/03/10 v1.4e Standard LaTeX Graphics (DPC,SPQR)

(/nix/store/dy298nc1lrfg8h9zdc7yiqrzzd4qgk27-texlive-combined-full-2022-final-texmfdist/tex/latex/graphics/trig.sty
Package: trig 2021/08/11 v1.11 sin cos tan (DPC)
) (/nix/store/dy298nc1lrfg8h9zdc7yiqrzzd4qgk27-texlive-combined-full-2022-final-texmfdist/tex/latex/graphics-cfg/graphics.cfg
File: graphics.cfg 2016/06/04 v1.11 sample graphics configuration
)
Package graphics Info: Driver file: xetex.def on input line 107.
 (/nix/store/dy298nc1lrfg8h9zdc7yiqrzzd4qgk27-texlive-combined-full-2022-final-texmfdist/tex/latex/graphics-def/xetex.def
File: xetex.def 2022/09/22 v5.0n Graphics/color driver for xetex
))
\Gin@req@height=\dimen168
\Gin@req@width=\dimen169
)) (/nix/store/dy298nc1lrfg8h9zdc7yiqrzzd4qgk27-texlive-combined-full-2022-final-texmfdist/tex/latex/polyglossia/gloss-german.ldf
File: gloss-german.ldf polyglossia: module for German
The property list \polyglossia@langsetup contains the pairs (without outer
braces):
>  {latex/script}  =>  {latin}
>  {latex/lcscript}  =>  {latin}
>  {latex/scripttag}  =>  {}
>  {latex/language}  =>  {Latex}
>  {latex/langtag}  =>  {ENG}
>  {latex/bcp47}  =>  {}
>  {latex/hyphennames}  =>  {english}
>  {latex/direction}  =>  {LR}
>  {latex/hyphenmins}  =>  {2,3}
>  {latex/frenchspacing}  =>  {false}
>  {latex/indentfirst}  =>  {false}
>  {latex/fontsetup}  =>  {true}
>  {latex/envname}  =>  {latex}
>  {latex/babelname}  =>  {latex}
>  {latex/localnumeral}  =>  {polyglossia@C@localnumeral}
>  {latex/Localnumeral}  =>  {polyglossia@C@localnumeral}
>  {latex/DefineCommandsCmd}  =>  {use_none:n}
>  {german/script}  =>  {latin}
>  {german/lcscript}  =>  {latin}
>  {german/scripttag}  =>  {}
>  {german/language}  =>  {German}
>  {german/langtag}  =>  {DEU}
>  {german/bcp47}  =>  {de-DE}
>  {german/hyphennames}  =>  {}
>  {german/direction}  =>  {LR}
>  {german/hyphenmins}  =>  {2,2}
>  {german/frenchspacing}  =>  {true}
>  {german/indentfirst}  =>  {false}
>  {german/fontsetup}  =>  {true}
>  {german/envname}  =>  {german}
>  {german/babelname}  =>  {ngerman}
>  {german/localnumeral}  =>  {polyglossia@C@localnumeral}
>  {german/Localnumeral}  =>  {polyglossia@C@localnumeral}
>  {german/DefineCommandsCmd}  =>  {xpg_define_language_commands:e}.
Package polyglossia Info: Option: German, spelling=new.
Package polyglossia Info: Option: German, script=latin.
Package polyglossia Info: Option: German, variant=german.
Package polyglossia Info: Option: German, variant=german.
Package polyglossia Info: Option: German, spelling=new.
Package polyglossia Info: Option: German, script=latin.
 (/nix/store/dy298nc1lrfg8h9zdc7yiqrzzd4qgk27-texlive-combined-full-2022-final-texmfdist/tex/latex/polyglossia/babelsh.def
File: babelsh.def 2022/06/21 Babel common definitions for shorthands
 Taken verbatim from babel files (2022/06/06 v3.76)
)
Package babel Info: Making " an active character on input line 179.
)
Package polyglossia Info: Default language is german.
 (/nix/store/dy298nc1lrfg8h9zdc7yiqrzzd4qgk27-texlive-combined-full-2022-final-texmfdist/tex/latex/polyglossia/gloss-english.ldf
File: gloss-english.ldf polyglossia: module for English
The property list \polyglossia@langsetup contains the pairs (without outer
braces):
>  {latex/script}  =>  {latin}
>  {latex/lcscript}  =>  {latin}
>  {latex/scripttag}  =>  {}
>  {latex/language}  =>  {Latex}
>  {latex/langtag}  =>  {ENG}
>  {latex/bcp47}  =>  {}
>  {latex/hyphennames}  =>  {english}
>  {latex/direction}  =>  {LR}
>  {latex/hyphenmins}  =>  {2,3}
>  {latex/frenchspacing}  =>  {false}
>  {latex/indentfirst}  =>  {false}
>  {latex/fontsetup}  =>  {true}
>  {latex/envname}  =>  {latex}
>  {latex/babelname}  =>  {latex}
>  {latex/localnumeral}  =>  {polyglossia@C@localnumeral}
>  {latex/Localnumeral}  =>  {polyglossia@C@localnumeral}
>  {latex/DefineCommandsCmd}  =>  {use_none:n}
>  {german/script}  =>  {latin}
>  {german/lcscript}  =>  {latin}
>  {german/scripttag}  =>  {}
>  {german/language}  =>  {German}
>  {german/langtag}  =>  {DEU}
>  {german/bcp47}  =>  {de-DE}
>  {german/hyphennames}  =>  {}
>  {german/direction}  =>  {LR}
>  {german/hyphenmins}  =>  {2,2}
>  {german/frenchspacing}  =>  {true}
>  {german/indentfirst}  =>  {false}
>  {german/fontsetup}  =>  {true}
>  {german/envname}  =>  {german}
>  {german/babelname}  =>  {ngerman}
>  {german/localnumeral}  =>  {polyglossia@C@localnumeral}
>  {german/Localnumeral}  =>  {polyglossia@C@localnumeral}
>  {german/DefineCommandsCmd}  =>  {xpg_define_language_commands:e}
>  {english/script}  =>  {latin}
>  {english/lcscript}  =>  {latin}
>  {english/scripttag}  =>  {}
>  {english/language}  =>  {English}
>  {english/langtag}  =>  {ENG}
>  {english/bcp47}  =>  {en-US}
>  {english/hyphennames}  =>  {english,american,usenglish,USenglish}
>  {english/direction}  =>  {LR}
>  {english/hyphenmins}  =>  {2,3}
>  {english/frenchspacing}  =>  {false}
>  {english/indentfirst}  =>  {false}
>  {english/fontsetup}  =>  {true}
>  {english/envname}  =>  {english}
>  {english/babelname}  =>  {english}
>  {english/localnumeral}  =>  {polyglossia@C@localnumeral}
>  {english/Localnumeral}  =>  {polyglossia@C@localnumeral}
>  {english/DefineCommandsCmd}  =>  {xpg_define_language_commands:e}.
Package polyglossia Info: Option: English, variant=american.
) (/nix/store/dy298nc1lrfg8h9zdc7yiqrzzd4qgk27-texlive-combined-full-2022-final-texmfdist/tex/latex/float/float.sty
Package: float 2001/11/08 v1.3d Float enhancements (AL)
\c@float@type=\count309
\float@exts=\toks26
\float@box=\box57
\@float@everytoks=\toks27
\@floatcapt=\box58
) (/nix/store/dy298nc1lrfg8h9zdc7yiqrzzd4qgk27-texlive-combined-full-2022-final-texmfdist/tex/latex/tools/multicol.sty
Package: multicol 2021/11/30 v1.9d multicolumn formatting (FMi)
\c@tracingmulticols=\count310
\mult@box=\box59
\multicol@leftmargin=\dimen170
\c@unbalance=\count311
\c@collectmore=\count312
\doublecol@number=\count313
\multicoltolerance=\count314
\multicolpretolerance=\count315
\full@width=\dimen171
\page@free=\dimen172
\premulticols=\dimen173
\postmulticols=\dimen174
\multicolsep=\skip74
\multicolbaselineskip=\skip75
\partial@page=\box60
\last@line=\box61
\maxbalancingoverflow=\dimen175
\mult@rightbox=\box62
\mult@grightbox=\box63
\mult@firstbox=\box64
\mult@gfirstbox=\box65
\@tempa=\box66
\@tempa=\box67
\@tempa=\box68
\@tempa=\box69
\@tempa=\box70
\@tempa=\box71
\@tempa=\box72
\@tempa=\box73
\@tempa=\box74
\@tempa=\box75
\@tempa=\box76
\@tempa=\box77
\@tempa=\box78
\@tempa=\box79
\@tempa=\box80
\@tempa=\box81
\@tempa=\box82
\@tempa=\box83
\@tempa=\box84
\@tempa=\box85
\@tempa=\box86
\@tempa=\box87
\@tempa=\box88
\@tempa=\box89
\@tempa=\box90
\@tempa=\box91
\@tempa=\box92
\@tempa=\box93
\@tempa=\box94
\@tempa=\box95
\@tempa=\box96
\@tempa=\box97
\@tempa=\box98
\@tempa=\box99
\@tempa=\box100
\@tempa=\box101
\c@minrows=\count316
\c@columnbadness=\count317
\c@finalcolumnbadness=\count318
\last@try=\dimen176
\multicolovershoot=\dimen177
\multicolundershoot=\dimen178
\mult@nat@firstbox=\box102
\colbreak@box=\box103
\mc@col@check@num=\count319
) (/nix/store/dy298nc1lrfg8h9zdc7yiqrzzd4qgk27-texlive-combined-full-2022-final-texmfdist/tex/latex/setspace/setspace.sty
Package: setspace 2022/12/04 v6.7b set line spacing
) (/nix/store/dy298nc1lrfg8h9zdc7yiqrzzd4qgk27-texlive-combined-full-2022-final-texmfdist/tex/latex/tools/tabularx.sty
Package: tabularx 2020/01/15 v2.11c `tabularx' package (DPC)
 (/nix/store/dy298nc1lrfg8h9zdc7yiqrzzd4qgk27-texlive-combined-full-2022-final-texmfdist/tex/latex/tools/array.sty
Package: array 2022/09/04 v2.5g Tabular extension package (FMi)
\col@sep=\dimen179
\ar@mcellbox=\box104
\extrarowheight=\dimen180
\NC@list=\toks28
\extratabsurround=\skip76
\backup@length=\skip77
\ar@cellbox=\box105
)
\TX@col@width=\dimen181
\TX@old@table=\dimen182
\TX@old@col=\dimen183
\TX@target=\dimen184
\TX@delta=\dimen185
\TX@cols=\count320
\TX@ftn=\toks29
) (/nix/store/dy298nc1lrfg8h9zdc7yiqrzzd4qgk27-texlive-combined-full-2022-final-texmfdist/tex/latex/xcolor/xcolor.sty
Package: xcolor 2022/06/12 v2.14 LaTeX color extensions (UK)
 (/nix/store/dy298nc1lrfg8h9zdc7yiqrzzd4qgk27-texlive-combined-full-2022-final-texmfdist/tex/latex/graphics-cfg/color.cfg
File: color.cfg 2016/01/02 v1.6 sample color configuration
)
Package xcolor Info: Driver file: xetex.def on input line 227.
 (/nix/store/dy298nc1lrfg8h9zdc7yiqrzzd4qgk27-texlive-combined-full-2022-final-texmfdist/tex/latex/graphics/mathcolor.ltx)
Package xcolor Info: Model `cmy' substituted by `cmy0' on input line 1353.
Package xcolor Info: Model `RGB' extended on input line 1369.
Package xcolor Info: Model `HTML' substituted by `rgb' on input line 1371.
Package xcolor Info: Model `Hsb' substituted by `hsb' on input line 1372.
Package xcolor Info: Model `tHsb' substituted by `hsb' on input line 1373.
Package xcolor Info: Model `HSB' substituted by `hsb' on input line 1374.
Package xcolor Info: Model `Gray' substituted by `gray' on input line 1375.
Package xcolor Info: Model `wave' substituted by `hsb' on input line 1376.
) (/nix/store/dy298nc1lrfg8h9zdc7yiqrzzd4qgk27-texlive-combined-full-2022-final-texmfdist/tex/latex/colortbl/colortbl.sty
Package: colortbl 2022/06/20 v1.0f Color table columns (DPC)
\everycr=\toks30
\minrowclearance=\skip78
\rownum=\count321
) (/nix/store/dy298nc1lrfg8h9zdc7yiqrzzd4qgk27-texlive-combined-full-2022-final-texmfdist/tex/latex/caption/caption.sty
Package: caption 2022/03/01 v3.6b Customizing captions (AR)

(/nix/store/dy298nc1lrfg8h9zdc7yiqrzzd4qgk27-texlive-combined-full-2022-final-texmfdist/tex/latex/caption/caption3.sty
Package: caption3 2022/03/17 v2.3b caption3 kernel (AR)
\caption@tempdima=\dimen186
\captionmargin=\dimen187
\caption@leftmargin=\dimen188
\caption@rightmargin=\dimen189
\caption@width=\dimen190
\caption@indent=\dimen191
\caption@parindent=\dimen192
\caption@hangindent=\dimen193
Package caption Info: KOMA-Script document class detected.
 (/nix/store/dy298nc1lrfg8h9zdc7yiqrzzd4qgk27-texlive-combined-full-2022-final-texmfdist/tex/latex/caption/caption-koma.sto
File: caption-koma.sto 2020/09/21 v2.0b Adaption of the caption package to the KOMA-Script document classes (AR)
))
\c@caption@flags=\count322
\c@continuedfloat=\count323
Package caption Info: float package is loaded.
) (/nix/store/dy298nc1lrfg8h9zdc7yiqrzzd4qgk27-texlive-combined-full-2022-final-texmfdist/tex/latex/graphics/rotating.sty
Package: rotating 2016/08/11 v2.16d rotated objects in LaTeX
\c@r@tfl@t=\count324
\rotFPtop=\skip79
\rotFPbot=\skip80
\rot@float@box=\box106
\rot@mess@toks=\toks31
) (/nix/store/dy298nc1lrfg8h9zdc7yiqrzzd4qgk27-texlive-combined-full-2022-final-texmfdist/tex/latex/fbox/fbox.sty
Package: fbox 2022/02/20 v. 0.06 allow parts of the frame (hv)
\fbox@@rule=\skip81
\fbox@@sep=\skip82
\fpar@b@x=\box107
) (/nix/store/dy298nc1lrfg8h9zdc7yiqrzzd4qgk27-texlive-combined-full-2022-final-texmfdist/tex/latex/hyperref/hyperref.sty
Package: hyperref 2023-02-07 v7.00v Hypertext links for LaTeX
 (/nix/store/dy298nc1lrfg8h9zdc7yiqrzzd4qgk27-texlive-combined-full-2022-final-texmfdist/tex/generic/kvdefinekeys/kvdefinekeys.sty
Package: kvdefinekeys 2019-12-19 v1.6 Define keys (HO)
) (/nix/store/dy298nc1lrfg8h9zdc7yiqrzzd4qgk27-texlive-combined-full-2022-final-texmfdist/tex/generic/pdfescape/pdfescape.sty
Package: pdfescape 2019/12/09 v1.15 Implements pdfTeX's escape features (HO)
) (/nix/store/dy298nc1lrfg8h9zdc7yiqrzzd4qgk27-texlive-combined-full-2022-final-texmfdist/tex/latex/hycolor/hycolor.sty
Package: hycolor 2020-01-27 v1.10 Color options for hyperref/bookmark (HO)
) (/nix/store/dy298nc1lrfg8h9zdc7yiqrzzd4qgk27-texlive-combined-full-2022-final-texmfdist/tex/latex/letltxmacro/letltxmacro.sty
Package: letltxmacro 2019/12/03 v1.6 Let assignment for LaTeX macros (HO)
) (/nix/store/dy298nc1lrfg8h9zdc7yiqrzzd4qgk27-texlive-combined-full-2022-final-texmfdist/tex/latex/auxhook/auxhook.sty
Package: auxhook 2019-12-17 v1.6 Hooks for auxiliary files (HO)
) (/nix/store/dy298nc1lrfg8h9zdc7yiqrzzd4qgk27-texlive-combined-full-2022-final-texmfdist/tex/latex/hyperref/nameref.sty
Package: nameref 2022-05-17 v2.50 Cross-referencing by name of section
 (/nix/store/dy298nc1lrfg8h9zdc7yiqrzzd4qgk27-texlive-combined-full-2022-final-texmfdist/tex/latex/refcount/refcount.sty
Package: refcount 2019/12/15 v3.6 Data extraction from label references (HO)
) (/nix/store/dy298nc1lrfg8h9zdc7yiqrzzd4qgk27-texlive-combined-full-2022-final-texmfdist/tex/generic/gettitlestring/gettitlestring.sty
Package: gettitlestring 2019/12/15 v1.6 Cleanup title references (HO)
)
\c@section@level=\count325
)
\@linkdim=\dimen194
\Hy@linkcounter=\count326
\Hy@pagecounter=\count327
 (/nix/store/dy298nc1lrfg8h9zdc7yiqrzzd4qgk27-texlive-combined-full-2022-final-texmfdist/tex/latex/hyperref/pd1enc.def
File: pd1enc.def 2023-02-07 v7.00v Hyperref: PDFDocEncoding definition (HO)
) (/nix/store/dy298nc1lrfg8h9zdc7yiqrzzd4qgk27-texlive-combined-full-2022-final-texmfdist/tex/generic/intcalc/intcalc.sty
Package: intcalc 2019/12/15 v1.3 Expandable calculations with integers (HO)
) (/nix/store/dy298nc1lrfg8h9zdc7yiqrzzd4qgk27-texlive-combined-full-2022-final-texmfdist/tex/generic/etexcmds/etexcmds.sty
Package: etexcmds 2019/12/15 v1.7 Avoid name clashes with e-TeX commands (HO)
)
\Hy@SavedSpaceFactor=\count328

(/nix/store/dy298nc1lrfg8h9zdc7yiqrzzd4qgk27-texlive-combined-full-2022-final-texmfdist/tex/latex/hyperref/puenc.def
File: puenc.def 2023-02-07 v7.00v Hyperref: PDF Unicode definition (HO)
 (/nix/store/dy298nc1lrfg8h9zdc7yiqrzzd4qgk27-texlive-combined-full-2022-final-texmfdist/tex/latex/hyperref/puenc-greekbasic.def
File: puenc-greekbasic.def 2023-02-07 v7.00v Hyperref: PDF Unicode definition (greek block) (HO)
))
Package hyperref Info: Hyper figures OFF on input line 4177.
Package hyperref Info: Link nesting OFF on input line 4182.
Package hyperref Info: Hyper index ON on input line 4185.
Package hyperref Info: Plain pages OFF on input line 4192.
Package hyperref Info: Backreferencing OFF on input line 4197.
Package hyperref Info: Implicit mode ON; LaTeX internals redefined.
Package hyperref Info: Bookmarks ON on input line 4425.
\c@Hy@tempcnt=\count329
 (/nix/store/dy298nc1lrfg8h9zdc7yiqrzzd4qgk27-texlive-combined-full-2022-final-texmfdist/tex/latex/url/url.sty
\Urlmuskip=\muskip17
Package: url 2013/09/16  ver 3.4  Verb mode for urls, etc.
)
LaTeX Info: Redefining \url on input line 4763.
\XeTeXLinkMargin=\dimen195
 (/nix/store/dy298nc1lrfg8h9zdc7yiqrzzd4qgk27-texlive-combined-full-2022-final-texmfdist/tex/generic/bitset/bitset.sty
Package: bitset 2019/12/09 v1.3 Handle bit-vector datatype (HO)
 (/nix/store/dy298nc1lrfg8h9zdc7yiqrzzd4qgk27-texlive-combined-full-2022-final-texmfdist/tex/generic/bigintcalc/bigintcalc.sty
Package: bigintcalc 2019/12/15 v1.5 Expandable calculations on big integers (HO)
))
\Fld@menulength=\count330
\Field@Width=\dimen196
\Fld@charsize=\dimen197
Package hyperref Info: Hyper figures OFF on input line 6042.
Package hyperref Info: Link nesting OFF on input line 6047.
Package hyperref Info: Hyper index ON on input line 6050.
Package hyperref Info: backreferencing OFF on input line 6057.
Package hyperref Info: Link coloring OFF on input line 6062.
Package hyperref Info: Link coloring with OCG OFF on input line 6067.
Package hyperref Info: PDF/A mode OFF on input line 6072.
 (/nix/store/dy298nc1lrfg8h9zdc7yiqrzzd4qgk27-texlive-combined-full-2022-final-texmfdist/tex/latex/base/atbegshi-ltx.sty
Package: atbegshi-ltx 2021/01/10 v1.0c Emulation of the original atbegshi
package with kernel methods
)
\Hy@abspage=\count331
\c@Item=\count332
\c@Hfootnote=\count333
)
Package hyperref Info: Driver (autodetected): hxetex.
 (/nix/store/dy298nc1lrfg8h9zdc7yiqrzzd4qgk27-texlive-combined-full-2022-final-texmfdist/tex/latex/hyperref/hxetex.def
File: hxetex.def 2023-02-07 v7.00v Hyperref driver for XeTeX
 (/nix/store/dy298nc1lrfg8h9zdc7yiqrzzd4qgk27-texlive-combined-full-2022-final-texmfdist/tex/generic/stringenc/stringenc.sty
Package: stringenc 2019/11/29 v1.12 Convert strings between diff. encodings (HO)
)
\pdfm@box=\box108
\c@Hy@AnnotLevel=\count334
\HyField@AnnotCount=\count335
\Fld@listcount=\count336
\c@bookmark@seq@number=\count337
 (/nix/store/dy298nc1lrfg8h9zdc7yiqrzzd4qgk27-texlive-combined-full-2022-final-texmfdist/tex/latex/rerunfilecheck/rerunfilecheck.sty
Package: rerunfilecheck 2022-07-10 v1.10 Rerun checks for auxiliary files (HO)
 (/nix/store/dy298nc1lrfg8h9zdc7yiqrzzd4qgk27-texlive-combined-full-2022-final-texmfdist/tex/latex/base/atveryend-ltx.sty
Package: atveryend-ltx 2020/08/19 v1.0a Emulation of the original atveryend package
with kernel methods
) (/nix/store/dy298nc1lrfg8h9zdc7yiqrzzd4qgk27-texlive-combined-full-2022-final-texmfdist/tex/generic/uniquecounter/uniquecounter.sty
Package: uniquecounter 2019/12/15 v1.4 Provide unlimited unique counter (HO)
)
Package uniquecounter Info: New unique counter `rerunfilecheck' on input line 285.
)
\Hy@SectionHShift=\skip83
) (/nix/store/dy298nc1lrfg8h9zdc7yiqrzzd4qgk27-texlive-combined-full-2022-final-texmfdist/tex/latex/amscls/amsthm.sty
Package: amsthm 2020/05/29 v2.20.6
\thm@style=\toks32
\thm@bodyfont=\toks33
\thm@headfont=\toks34
\thm@notefont=\toks35
\thm@headpunct=\toks36
\thm@preskip=\skip84
\thm@postskip=\skip85
\thm@headsep=\skip86
\dth@everypar=\toks37
) (/nix/store/dy298nc1lrfg8h9zdc7yiqrzzd4qgk27-texlive-combined-full-2022-final-texmfdist/tex/latex/xpatch/xpatch.sty
Package: xpatch 2020/03/25 v0.3a Extending etoolbox patching commands
)
Class scrreprt Info: amsthm's \deferred@thm@head patched.
 (/nix/store/dy298nc1lrfg8h9zdc7yiqrzzd4qgk27-texlive-combined-full-2022-final-texmfdist/tex/latex/amsfonts/amssymb.sty
Package: amssymb 2013/01/14 v3.01 AMS font symbols
 (/nix/store/dy298nc1lrfg8h9zdc7yiqrzzd4qgk27-texlive-combined-full-2022-final-texmfdist/tex/latex/amsfonts/amsfonts.sty
Package: amsfonts 2013/01/14 v3.01 Basic AMSFonts support
\symAMSa=\mathgroup4
\symAMSb=\mathgroup5
LaTeX Font Info:    Redeclaring math symbol \hbar on input line 98.
LaTeX Font Info:    Overwriting math alphabet `\mathfrak' in version `bold'
(Font)                  U/euf/m/n --> U/euf/b/n on input line 106.
)) (/nix/store/dy298nc1lrfg8h9zdc7yiqrzzd4qgk27-texlive-combined-full-2022-final-texmfdist/tex/latex/tools/bm.sty
Package: bm 2022/01/05 v1.2f Bold Symbol Support (DPC/FMi)
\symboldoperators=\mathgroup6
\symboldletters=\mathgroup7
\symboldsymbols=\mathgroup8
Package bm Info: No bold for \OMX/cmex/m/n, using \pmb.
Package bm Info: No bold for \U/msa/m/n, using \pmb.
Package bm Info: No bold for \U/msb/m/n, using \pmb.
LaTeX Font Info:    Redeclaring math alphabet \mathbf on input line 149.
)
(/nix/store/dy298nc1lrfg8h9zdc7yiqrzzd4qgk27-texlive-combined-full-2022-final-texmfdist/tex/latex/multirow/multirow.sty
Package: multirow 2021/03/15 v2.8 Span multiple rows of a table
\multirow@colwidth=\skip87
\multirow@cntb=\count338
\multirow@dima=\skip88
\bigstrutjot=\dimen198
) (/nix/store/dy298nc1lrfg8h9zdc7yiqrzzd4qgk27-texlive-combined-full-2022-final-texmfdist/tex/latex/gensymb/gensymb.sty
Package: gensymb 2022/10/17 v1.0.2 (KJH)
) (/nix/store/dy298nc1lrfg8h9zdc7yiqrzzd4qgk27-texlive-combined-full-2022-final-texmfdist/tex/latex/acronym/acronym.sty
Package: acronym 2020/04/17 v1.47 Support for acronyms (Tobias Oetiker)
 (/nix/store/dy298nc1lrfg8h9zdc7yiqrzzd4qgk27-texlive-combined-full-2022-final-texmfdist/tex/latex/bigfoot/suffix.sty
Package: suffix 2006/07/15 1.5a Variant command support
) (/nix/store/dy298nc1lrfg8h9zdc7yiqrzzd4qgk27-texlive-combined-full-2022-final-texmfdist/tex/generic/xstring/xstring.sty (/nix/store/dy298nc1lrfg8h9zdc7yiqrzzd4qgk27-texlive-combined-full-2022-final-texmfdist/tex/generic/xstring/xstring.tex
\integerpart=\count339
\decimalpart=\count340
)
Package: xstring 2023/01/14 v1.85 String manipulations (CT)
)
\AC@clearlist=\toks38
) (/nix/store/dy298nc1lrfg8h9zdc7yiqrzzd4qgk27-texlive-combined-full-2022-final-texmfdist/tex/latex/caption/subcaption.sty
Package: subcaption 2022/01/07 v1.5 Sub-captions (AR)
\c@subfigure=\count341
\c@subtable=\count342
) (./main.aux
LaTeX Info: Redefining \rmfamily on input line 20.
LaTeX Info: Redefining \sffamily on input line 20.
LaTeX Info: Redefining \ttfamily on input line 20.

Package fontspec Info: Font family 'LinuxBiolinumO(1)' created for font 'Linux
(fontspec)             Biolinum O' with options
(fontspec)             [Ligatures=TeX,Language=German].
(fontspec)              
(fontspec)              This font family consists of the following NFSS
(fontspec)             series/shapes:
(fontspec)              
(fontspec)             - 'normal' (m/n) with NFSS spec.: <->"Linux Biolinum
(fontspec)             O/OT:script=latn;language=DEU;mapping=tex-text;"
(fontspec)             - 'small caps'  (m/sc) with NFSS spec.: <->"Linux
(fontspec)             Biolinum
(fontspec)             O/OT:script=latn;language=DEU;+smcp;mapping=tex-text;"
(fontspec)             - 'bold' (b/n) with NFSS spec.: <->"Linux Biolinum
(fontspec)             O/B/OT:script=latn;language=DEU;mapping=tex-text;"
(fontspec)             - 'bold small caps'  (b/sc) with NFSS spec.: <->"Linux
(fontspec)             Biolinum
(fontspec)             O/B/OT:script=latn;language=DEU;+smcp;mapping=tex-text;"
(fontspec)             - 'italic' (m/it) with NFSS spec.: <->"Linux Biolinum
(fontspec)             O/I/OT:script=latn;language=DEU;mapping=tex-text;"
(fontspec)             - 'italic small caps'  (m/scit) with NFSS spec.:
(fontspec)             <->"Linux Biolinum
(fontspec)             O/I/OT:script=latn;language=DEU;+smcp;mapping=tex-text;"
(fontspec)             - 'bold italic' (b/it) with NFSS spec.: <->"Linux
(fontspec)             Biolinum
(fontspec)             O/BI/OT:script=latn;language=DEU;mapping=tex-text;"
(fontspec)             - 'bold italic small caps'  (b/scit) with NFSS spec.:
(fontspec)             <->"Linux Biolinum
(fontspec)             O/BI/OT:script=latn;language=DEU;+smcp;mapping=tex-text;"

)
\openout1 = `main.aux'.

LaTeX Font Info:    Checking defaults for OML/cmm/m/it on input line 62.
LaTeX Font Info:    ... okay on input line 62.
LaTeX Font Info:    Checking defaults for OMS/cmsy/m/n on input line 62.
LaTeX Font Info:    ... okay on input line 62.
LaTeX Font Info:    Checking defaults for OT1/cmr/m/n on input line 62.
LaTeX Font Info:    ... okay on input line 62.
LaTeX Font Info:    Checking defaults for T1/cmr/m/n on input line 62.
LaTeX Font Info:    ... okay on input line 62.
LaTeX Font Info:    Checking defaults for TS1/cmr/m/n on input line 62.
LaTeX Font Info:    Trying to load font information for TS1+cmr on input line 62.
 (/nix/store/dy298nc1lrfg8h9zdc7yiqrzzd4qgk27-texlive-combined-full-2022-final-texmfdist/tex/latex/base/ts1cmr.fd
File: ts1cmr.fd 2022/07/10 v2.5l Standard LaTeX font definitions
)
LaTeX Font Info:    ... okay on input line 62.
LaTeX Font Info:    Checking defaults for TU/lmr/m/n on input line 62.
LaTeX Font Info:    ... okay on input line 62.
LaTeX Font Info:    Checking defaults for OMX/cmex/m/n on input line 62.
LaTeX Font Info:    ... okay on input line 62.
LaTeX Font Info:    Checking defaults for U/cmr/m/n on input line 62.
LaTeX Font Info:    ... okay on input line 62.
LaTeX Font Info:    Checking defaults for T3/cmr/m/n on input line 62.
LaTeX Font Info:    Trying to load font information for T3+cmr on input line 62.
 (/nix/store/dy298nc1lrfg8h9zdc7yiqrzzd4qgk27-texlive-combined-full-2022-final-texmfdist/tex/latex/tipa/t3cmr.fd
File: t3cmr.fd 2001/12/31 TIPA font definitions
)
LaTeX Font Info:    ... okay on input line 62.
LaTeX Font Info:    Checking defaults for PD1/pdf/m/n on input line 62.
LaTeX Font Info:    ... okay on input line 62.
LaTeX Font Info:    Checking defaults for PU/pdf/m/n on input line 62.
LaTeX Font Info:    ... okay on input line 62.
Package scrbase Info: activating german \abstractname on input line 62.
Package scrbase Info: activating german \partname on input line 62.
Package scrbase Info: activating german \chaptername on input line 62.
Package scrbase Info: activating german \appendixname on input line 62.
Package scrbase Info: activating german \figurename on input line 62.
Package scrbase Info: activating german \tablename on input line 62.
Package scrbase Info: activating german \contentsname on input line 62.
Package scrbase Info: activating german \listfigurename on input line 62.
Package scrbase Info: activating german \listtablename on input line 62.
Package scrbase Info: activating german \bibname on input line 62.
Package scrbase Info: activating german \indexname on input line 62.
 (/nix/store/dy298nc1lrfg8h9zdc7yiqrzzd4qgk27-texlive-combined-full-2022-final-texmfdist/tex/latex/translations/translations-basic-dictionary-english.trsl
File: translations-basic-dictionary-english.trsl (english translation file `translations-basic-dictionary')
)
Package translations Info: loading dictionary `translations-basic-dictionary' for `english'. on input line 62.
 (/nix/store/dy298nc1lrfg8h9zdc7yiqrzzd4qgk27-texlive-combined-full-2022-final-texmfdist/tex/latex/translations/translations-basic-dictionary-german.trsl
File: translations-basic-dictionary-german.trsl (german translation file `translations-basic-dictionary')
)
Package translations Info: loading dictionary `translations-basic-dictionary' for `german'. on input line 62.

Package fontspec Info: Adjusting the maths setup (use [no-math] to avoid
(fontspec)             this).

\symlegacymaths=\mathgroup9
LaTeX Font Info:    Overwriting symbol font `legacymaths' in version `bold'
(Font)                  OT1/cmr/m/n --> OT1/cmr/bx/n on input line 62.
LaTeX Font Info:    Redeclaring math accent \acute on input line 62.
LaTeX Font Info:    Redeclaring math accent \grave on input line 62.
LaTeX Font Info:    Redeclaring math accent \ddot on input line 62.
LaTeX Font Info:    Redeclaring math accent \tilde on input line 62.
LaTeX Font Info:    Redeclaring math accent \bar on input line 62.
LaTeX Font Info:    Redeclaring math accent \breve on input line 62.
LaTeX Font Info:    Redeclaring math accent \check on input line 62.
LaTeX Font Info:    Redeclaring math accent \hat on input line 62.
LaTeX Font Info:    Redeclaring math accent \dot on input line 62.
LaTeX Font Info:    Redeclaring math accent \mathring on input line 62.
LaTeX Font Info:    Redeclaring math symbol \Gamma on input line 62.
LaTeX Font Info:    Redeclaring math symbol \Delta on input line 62.
LaTeX Font Info:    Redeclaring math symbol \Theta on input line 62.
LaTeX Font Info:    Redeclaring math symbol \Lambda on input line 62.
LaTeX Font Info:    Redeclaring math symbol \Xi on input line 62.
LaTeX Font Info:    Redeclaring math symbol \Pi on input line 62.
LaTeX Font Info:    Redeclaring math symbol \Sigma on input line 62.
LaTeX Font Info:    Redeclaring math symbol \Upsilon on input line 62.
LaTeX Font Info:    Redeclaring math symbol \Phi on input line 62.
LaTeX Font Info:    Redeclaring math symbol \Psi on input line 62.
LaTeX Font Info:    Redeclaring math symbol \Omega on input line 62.
LaTeX Font Info:    Redeclaring math symbol \mathdollar on input line 62.
LaTeX Font Info:    Redeclaring symbol font `operators' on input line 62.
LaTeX Font Info:    Encoding `OT1' has changed to `TU' for symbol font
(Font)              `operators' in the math version `normal' on input line 62.
LaTeX Font Info:    Overwriting symbol font `operators' in version `normal'
(Font)                  OT1/cmr/m/n --> TU/LinuxBiolinumO(0)/m/n on input line 62.
LaTeX Font Info:    Encoding `OT1' has changed to `TU' for symbol font
(Font)              `operators' in the math version `bold' on input line 62.
LaTeX Font Info:    Overwriting symbol font `operators' in version `bold'
(Font)                  OT1/cmr/bx/n --> TU/LinuxBiolinumO(0)/m/n on input line 62.
LaTeX Font Info:    Overwriting symbol font `operators' in version `normal'
(Font)                  TU/LinuxBiolinumO(0)/m/n --> TU/LinuxBiolinumO(0)/m/n on input line 62.
LaTeX Font Info:    Overwriting math alphabet `\mathit' in version `normal'
(Font)                  OT1/cmr/m/it --> TU/LinuxBiolinumO(0)/m/it on input line 62.
LaTeX Font Info:    Overwriting math alphabet `\mathbf' in version `normal'
(Font)                  OT1/cmr/bx/n --> TU/LinuxBiolinumO(0)/b/n on input line 62.
LaTeX Font Info:    Overwriting math alphabet `\mathsf' in version `normal'
(Font)                  OT1/cmss/m/n --> TU/lmss/m/n on input line 62.
LaTeX Font Info:    Overwriting math alphabet `\mathtt' in version `normal'
(Font)                  OT1/cmtt/m/n --> TU/lmtt/m/n on input line 62.
LaTeX Font Info:    Overwriting symbol font `operators' in version `bold'
(Font)                  TU/LinuxBiolinumO(0)/m/n --> TU/LinuxBiolinumO(0)/b/n on input line 62.
LaTeX Font Info:    Overwriting math alphabet `\mathit' in version `bold'
(Font)                  OT1/cmr/bx/it --> TU/LinuxBiolinumO(0)/b/it on input line 62.
LaTeX Font Info:    Overwriting math alphabet `\mathsf' in version `bold'
(Font)                  OT1/cmss/bx/n --> TU/lmss/b/n on input line 62.
LaTeX Font Info:    Overwriting math alphabet `\mathtt' in version `bold'
(Font)                  OT1/cmtt/m/n --> TU/lmtt/b/n on input line 62.
The property list \__xpg_alias contains the pairs (without outer braces):
>  {latex/target}  =>  {latex}
>  {german/target}  =>  {german}
>  {de/target}  =>  {german}
>  {de-CH/target}  =>  {german}
>  {de-CH/variant}  =>  {swiss}
>  {de-CH/options}  =>  {variant=swiss,spelling=new}
>  {de-AT/target}  =>  {german}
>  {de-AT/variant}  =>  {austrian}
>  {de-AT/options}  =>  {variant=austrian,spelling=new}
>  {de-DE/target}  =>  {german}
>  {de-DE/variant}  =>  {german}
>  {de-DE/options}  =>  {variant=german,spelling=new}
>  {de-Latf-CH/target}  =>  {german}
>  {de-Latf-CH/variant}  =>  {swiss}
>  {de-Latf-CH/options}  =>  {variant=swiss,spelling=new,script=blackletter}
>  {de-Latf-DE/target}  =>  {german}
>  {de-Latf-DE/variant}  =>  {german}
>  {de-Latf-DE/options}  =>  {variant=german,spelling=new,script=blackletter}
>  {de-Latf-AT/target}  =>  {german}
>  {de-Latf-AT/variant}  =>  {austrian}
>  {de-Latf-AT/options}  => 
{variant=austrian,spelling=new,script=blackletter}
>  {de-AT-1901/target}  =>  {german}
>  {de-AT-1901/variant}  =>  {austrian}
>  {de-AT-1901/options}  =>  {variant=austrian,spelling=old}
>  {de-CH-1996/target}  =>  {german}
>  {de-CH-1996/variant}  =>  {swiss}
>  {de-CH-1996/options}  =>  {variant=swiss,spelling=new}
>  {de-AT-1996/target}  =>  {german}
>  {de-AT-1996/variant}  =>  {austrian}
>  {de-AT-1996/options}  =>  {variant=austrian,spelling=new}
>  {de-DE-1901/target}  =>  {german}
>  {de-DE-1901/variant}  =>  {german}
>  {de-DE-1901/options}  =>  {variant=german,spelling=old}
>  {de-Latf-CH-1901/target}  =>  {german}
>  {de-Latf-CH-1901/variant}  =>  {swiss}
>  {de-Latf-CH-1901/options}  => 
{variant=swiss,spelling=old,script=blackletter}
>  {de-CH-1901/target}  =>  {german}
>  {de-CH-1901/variant}  =>  {swiss}
>  {de-CH-1901/options}  =>  {variant=swiss,spelling=old}
>  {de-Latf-AT-1901/target}  =>  {german}
>  {de-Latf-AT-1901/variant}  =>  {austrian}
>  {de-Latf-AT-1901/options}  => 
{variant=austrian,spelling=old,script=blackletter}
>  {de-Latf-CH-1996/target}  =>  {german}
>  {de-Latf-CH-1996/variant}  =>  {swiss}
>  {de-Latf-CH-1996/options}  => 
{variant=swiss,spelling=new,script=blackletter}
>  {de-Latf/target}  =>  {german}
>  {de-Latf/options}  =>  {script=blackletter}
>  {de-DE-1996/target}  =>  {german}
>  {de-DE-1996/variant}  =>  {german}
>  {de-DE-1996/options}  =>  {variant=german,spelling=new}
>  {de-Latf-DE-1901/target}  =>  {german}
>  {de-Latf-DE-1901/variant}  =>  {german}
>  {de-Latf-DE-1901/options}  => 
{variant=german,spelling=old,script=blackletter}
>  {de-Latf-DE-1996/target}  =>  {german}
>  {de-Latf-DE-1996/variant}  =>  {german}
>  {de-Latf-DE-1996/options}  => 
{variant=german,spelling=new,script=blackletter}
>  {de-Latf-AT-1996/target}  =>  {german}
>  {de-Latf-AT-1996/variant}  =>  {austrian}
>  {de-Latf-AT-1996/options}  => 
{variant=austrian,spelling=new,script=blackletter}
>  {austrian/target}  =>  {german}
>  {austrian/variant}  =>  {austrian}
>  {austrian/options}  =>  {variant=austrian,spelling=old}
>  {naustrian/target}  =>  {german}
>  {naustrian/variant}  =>  {austrian}
>  {naustrian/options}  =>  {variant=austrian,spelling=new}
>  {germanb/target}  =>  {german}
>  {germanb/variant}  =>  {german}
>  {germanb/options}  =>  {variant=german,spelling=old}
>  {ngerman/target}  =>  {german}
>  {ngerman/variant}  =>  {german}
>  {ngerman/options}  =>  {variant=german,spelling=new}
>  {swissgerman/target}  =>  {german}
>  {swissgerman/variant}  =>  {swiss}
>  {swissgerman/options}  =>  {variant=swiss,spelling=old}
>  {nswissgerman/target}  =>  {german}
>  {nswissgerman/variant}  =>  {swiss}
>  {nswissgerman/options}  =>  {variant=swiss,spelling=new}
>  {english/target}  =>  {english}
>  {en/target}  =>  {english}
>  {en-AU/target}  =>  {english}
>  {en-AU/variant}  =>  {australian}
>  {en-AU/options}  =>  {variant=australian}
>  {en-CA/target}  =>  {english}
>  {en-CA/variant}  =>  {canadian}
>  {en-CA/options}  =>  {variant=canadian}
>  {en-GB/target}  =>  {english}
>  {en-GB/variant}  =>  {british}
>  {en-GB/options}  =>  {variant=british}
>  {en-NZ/target}  =>  {english}
>  {en-NZ/variant}  =>  {newzealand}
>  {en-NZ/options}  =>  {variant=newzealand}
>  {en-US/target}  =>  {english}
>  {en-US/variant}  =>  {us}
>  {en-US/options}  =>  {variant=us}
>  {american/target}  =>  {english}
>  {american/variant}  =>  {us}
>  {american/options}  =>  {variant=us}
>  {australian/target}  =>  {english}
>  {australian/variant}  =>  {australian}
>  {australian/options}  =>  {variant=australian}
>  {british/target}  =>  {english}
>  {british/variant}  =>  {british}
>  {british/options}  =>  {variant=british}
>  {canadian/target}  =>  {english}
>  {canadian/variant}  =>  {canadian}
>  {canadian/options}  =>  {variant=canadian}
>  {newzealand/target}  =>  {english}
>  {newzealand/variant}  =>  {newzealand}
>  {newzealand/options}  =>  {variant=newzealand}.
Package caption Info: Begin \AtBeginDocument code.
Package caption Info: hyperref package is loaded.
Package caption Info: rotating package is loaded.
Package caption Info: End \AtBeginDocument code.
Package hyperref Info: Link coloring OFF on input line 62.
 (./main.out) (./main.out)
\@outlinefile=\write3
\openout3 = `main.out'.

Class scrreprt Info: loading recommended package `bookmark'.
(scrreprt)           Using `bookmark' together with `hyperref' is recommended,
(scrreprt)           because of handling of possible bookmark level gaps.
(scrreprt)           You can avoid loading `bookmark' with KOMA-Script option
(scrreprt)           `bookmarkpackage=false' before \begin{document} and
(scrreprt)           you can avoid this message adding:
(scrreprt)             \usepackage{bookmark}
(scrreprt)           before \begin{document} on input line 62.
 (/nix/store/dy298nc1lrfg8h9zdc7yiqrzzd4qgk27-texlive-combined-full-2022-final-texmfdist/tex/latex/bookmark/bookmark.sty
Package: bookmark 2020-11-06 v1.29 PDF bookmarks (HO)
 (/nix/store/dy298nc1lrfg8h9zdc7yiqrzzd4qgk27-texlive-combined-full-2022-final-texmfdist/tex/latex/bookmark/bkm-dvipdfm.def
File: bkm-dvipdfm.def 2020-11-06 v1.29 bookmark driver for dvipdfm (HO)
\BKM@id=\count343
))
LaTeX Info: Redefining \celsius on input line 62.
Package gensymb Info: Faking symbols for \degree and \celsius on input line 62.


Package gensymb Warning: Not defining \perthousand.

LaTeX Info: Redefining \ohm on input line 62.
Package gensymb Info: Using \Omega for \ohm on input line 62.

Package gensymb Warning: Not defining \micro.

LaTeX Info: Redefining \rmfamily on input line 62.
LaTeX Info: Redefining \sffamily on input line 62.
LaTeX Info: Redefining \ttfamily on input line 62.
File: equilibrio.png Graphic file (type bmp)
<equilibrio.png>
LaTeX Font Info:    Trying to load font information for U+msa on input line 64.
(/nix/store/dy298nc1lrfg8h9zdc7yiqrzzd4qgk27-texlive-combined-full-2022-final-texmfdist/tex/latex/amsfonts/umsa.fd
File: umsa.fd 2013/01/14 v3.01 AMS symbols A
)
LaTeX Font Info:    Trying to load font information for U+msb on input line 64.
 (/nix/store/dy298nc1lrfg8h9zdc7yiqrzzd4qgk27-texlive-combined-full-2022-final-texmfdist/tex/latex/amsfonts/umsb.fd
File: umsb.fd 2013/01/14 v3.01 AMS symbols B
) [1



] (./main.toc
LaTeX Info: Redefining \rmfamily on input line 1.
LaTeX Info: Redefining \sffamily on input line 1.
LaTeX Info: Redefining \ttfamily on input line 1.
 [2

] [3] [4])
\tf@toc=\write4
\openout4 = `main.toc'.

 [5] [6

] [7

]
Underfull \hbox (badness 10000) in paragraph at lines 171--171

 []


Underfull \hbox (badness 10000) in paragraph at lines 171--171

 []


Underfull \hbox (badness 10000) in paragraph at lines 171--171

 []


Underfull \hbox (badness 10000) in paragraph at lines 171--171

 []


Underfull \hbox (badness 10000) in paragraph at lines 180--180

 []


Underfull \hbox (badness 10000) in paragraph at lines 180--180

 []


Underfull \hbox (badness 10000) in paragraph at lines 199--199

 []


Underfull \hbox (badness 10000) in paragraph at lines 199--199

 []


Underfull \hbox (badness 10000) in paragraph at lines 216--216

 []


Underfull \hbox (badness 10000) in paragraph at lines 216--216

 []


Underfull \hbox (badness 10000) in paragraph at lines 216--216

 []


Underfull \hbox (badness 10000) in paragraph at lines 216--216

 []


Underfull \hbox (badness 10000) in paragraph at lines 225--225

 []


Underfull \hbox (badness 10000) in paragraph at lines 225--225

 []

[8]
Underfull \hbox (badness 10000) in paragraph at lines 243--243

 []


Underfull \hbox (badness 10000) in paragraph at lines 243--243

 []


Underfull \hbox (badness 10000) in paragraph at lines 263--263

 []


Underfull \hbox (badness 10000) in paragraph at lines 263--263

 []


Underfull \hbox (badness 10000) in paragraph at lines 263--263

 []


Underfull \hbox (badness 10000) in paragraph at lines 263--263

 []


Underfull \hbox (badness 10000) in paragraph at lines 288--288

 []


Underfull \hbox (badness 10000) in paragraph at lines 288--288

 []


Underfull \hbox (badness 10000) in paragraph at lines 288--288

 []


Underfull \hbox (badness 10000) in paragraph at lines 288--288

 []


Underfull \hbox (badness 10000) in paragraph at lines 303--303

 []


Underfull \hbox (badness 10000) in paragraph at lines 303--303

 []


Underfull \hbox (badness 10000) in paragraph at lines 303--303

 []


Underfull \hbox (badness 10000) in paragraph at lines 303--303

 []


Underfull \hbox (badness 10000) in paragraph at lines 325--325

 []


Underfull \hbox (badness 10000) in paragraph at lines 325--325

 []


Underfull \hbox (badness 10000) in paragraph at lines 325--325

 []


Underfull \hbox (badness 10000) in paragraph at lines 325--325

 []

[9]
Underfull \hbox (badness 10000) in paragraph at lines 337--337

 []


Underfull \hbox (badness 10000) in paragraph at lines 337--337

 []


Underfull \hbox (badness 10000) in paragraph at lines 337--337

 []


Underfull \hbox (badness 10000) in paragraph at lines 337--337

 []

[10]
Underfull \hbox (badness 10000) in paragraph at lines 372--372

 []


Underfull \hbox (badness 10000) in paragraph at lines 372--372

 []


Underfull \hbox (badness 10000) in paragraph at lines 372--372

 []


Underfull \hbox (badness 10000) in paragraph at lines 372--372

 []


Underfull \hbox (badness 10000) in paragraph at lines 413--413

 []


Underfull \hbox (badness 10000) in paragraph at lines 413--413

 []


Underfull \hbox (badness 10000) in paragraph at lines 413--413

 []


Underfull \hbox (badness 10000) in paragraph at lines 413--413

 []


Underfull \hbox (badness 10000) in paragraph at lines 413--413

 []


Underfull \hbox (badness 10000) in paragraph at lines 413--413

 []


Underfull \hbox (badness 10000) in paragraph at lines 413--413

 []


Underfull \hbox (badness 10000) in paragraph at lines 413--413

 []


Underfull \hbox (badness 10000) in paragraph at lines 413--413

 []


Underfull \hbox (badness 10000) in paragraph at lines 413--413

 []


Underfull \hbox (badness 10000) in paragraph at lines 413--413

 []


Underfull \hbox (badness 10000) in paragraph at lines 413--413

 []


Underfull \hbox (badness 10000) in paragraph at lines 427--427

 []


Underfull \hbox (badness 10000) in paragraph at lines 427--427

 []


Underfull \hbox (badness 10000) in paragraph at lines 427--427

 []


Underfull \hbox (badness 10000) in paragraph at lines 427--427

 []

[11]
Underfull \hbox (badness 10000) in paragraph at lines 441--441

 []


Underfull \hbox (badness 10000) in paragraph at lines 441--441

 []


Underfull \hbox (badness 10000) in paragraph at lines 441--441

 []


Underfull \hbox (badness 10000) in paragraph at lines 441--441

 []


Underfull \hbox (badness 10000) in paragraph at lines 460--460

 []


Underfull \hbox (badness 10000) in paragraph at lines 460--460

 []


Underfull \hbox (badness 10000) in paragraph at lines 472--472

 []


Underfull \hbox (badness 10000) in paragraph at lines 472--472

 []


Underfull \hbox (badness 10000) in paragraph at lines 494--494

 []


Underfull \hbox (badness 10000) in paragraph at lines 494--494

 []


Underfull \hbox (badness 10000) in paragraph at lines 505--505

 []


Underfull \hbox (badness 10000) in paragraph at lines 505--505

 []

[12] [13]
Underfull \hbox (badness 10000) in paragraph at lines 520--520

 []


Underfull \hbox (badness 10000) in paragraph at lines 520--520

 []


Underfull \hbox (badness 10000) in paragraph at lines 552--552

 []


Underfull \hbox (badness 10000) in paragraph at lines 552--552

 []


Underfull \hbox (badness 10000) in paragraph at lines 573--573

 []


Underfull \hbox (badness 10000) in paragraph at lines 573--573

 []


Underfull \hbox (badness 10000) in paragraph at lines 596--596

 []

[14]
Underfull \hbox (badness 10000) in paragraph at lines 596--596

 []


Underfull \hbox (badness 10000) in paragraph at lines 611--611

 []


Underfull \hbox (badness 10000) in paragraph at lines 611--611

 []

[15]
Underfull \hbox (badness 10000) in paragraph at lines 635--635
[]$[][][][][] [] [] [] [][][] [] [][][][][][] [] [][][] [] [][][][][][][][][][][][][][][] []
 []


Underfull \hbox (badness 10000) in paragraph at lines 635--635

 []


Underfull \hbox (badness 10000) in paragraph at lines 635--635
[]$[][][][][] [] [] [] [][][] [] [][][][][][] [] [][][] [] [][][][][][][][][][][][][][][] []
 []


Underfull \hbox (badness 10000) in paragraph at lines 635--635

 []


Underfull \hbox (badness 10000) in paragraph at lines 654--654

 []


Underfull \hbox (badness 10000) in paragraph at lines 654--654

 []


Underfull \hbox (badness 10000) in paragraph at lines 674--674

 []


Underfull \hbox (badness 10000) in paragraph at lines 674--674

 []


Underfull \hbox (badness 10000) in paragraph at lines 691--691

 []


Underfull \hbox (badness 10000) in paragraph at lines 691--691

 []

[16]
Underfull \hbox (badness 10000) in paragraph at lines 717--717

 []


Underfull \hbox (badness 10000) in paragraph at lines 717--717

 []


Underfull \hbox (badness 10000) in paragraph at lines 726--726

 []


Underfull \hbox (badness 10000) in paragraph at lines 726--726

 []

[17]
Underfull \hbox (badness 10000) in paragraph at lines 750--750

 []


Underfull \hbox (badness 10000) in paragraph at lines 750--750

 []


Underfull \hbox (badness 10000) in paragraph at lines 750--750

 []


Underfull \hbox (badness 10000) in paragraph at lines 750--750

 []


Underfull \hbox (badness 10000) in paragraph at lines 750--750

 []


Underfull \hbox (badness 10000) in paragraph at lines 750--750

 []


Underfull \hbox (badness 10000) in paragraph at lines 759--759

 []


Underfull \hbox (badness 10000) in paragraph at lines 759--759

 []


Underfull \hbox (badness 10000) in paragraph at lines 785--785

 []


Underfull \hbox (badness 10000) in paragraph at lines 785--785

 []


Underfull \hbox (badness 10000) in paragraph at lines 785--785

 []


Underfull \hbox (badness 10000) in paragraph at lines 785--785

 []


Underfull \hbox (badness 10000) in paragraph at lines 834--834

 []


Underfull \hbox (badness 10000) in paragraph at lines 834--834

 []


Underfull \hbox (badness 10000) in paragraph at lines 834--834

 []


Underfull \hbox (badness 10000) in paragraph at lines 834--834

 []


Underfull \hbox (badness 10000) in paragraph at lines 834--834

 []


Underfull \hbox (badness 10000) in paragraph at lines 834--834

 []


Underfull \hbox (badness 10000) in paragraph at lines 834--834

 []


Underfull \hbox (badness 10000) in paragraph at lines 834--834

 []


Underfull \hbox (badness 10000) in paragraph at lines 834--834

 []


Underfull \hbox (badness 10000) in paragraph at lines 834--834

 []


Underfull \hbox (badness 10000) in paragraph at lines 834--834

 []


Underfull \hbox (badness 10000) in paragraph at lines 834--834

 []


Underfull \hbox (badness 10000) in paragraph at lines 834--834

 []

[18]
Underfull \hbox (badness 10000) in paragraph at lines 834--834

 []


Underfull \hbox (badness 10000) in paragraph at lines 834--834

 []


Underfull \hbox (badness 10000) in paragraph at lines 834--834

 []


Underfull \hbox (badness 10000) in paragraph at lines 843--843

 []


Underfull \hbox (badness 10000) in paragraph at lines 843--843

 []


Underfull \hbox (badness 10000) in paragraph at lines 874--874

 []


Underfull \hbox (badness 10000) in paragraph at lines 874--874

 []


Underfull \hbox (badness 10000) in paragraph at lines 883--883

 []


Underfull \hbox (badness 10000) in paragraph at lines 883--883

 []

[19] [20]
Underfull \hbox (badness 10000) in paragraph at lines 900--900

 []


Underfull \hbox (badness 10000) in paragraph at lines 900--900

 []


Underfull \hbox (badness 10000) in paragraph at lines 900--900

 []


Underfull \hbox (badness 10000) in paragraph at lines 900--900

 []


Underfull \hbox (badness 10000) in paragraph at lines 923--923

 []


Underfull \hbox (badness 10000) in paragraph at lines 923--923

 []

[21] [22]
Underfull \hbox (badness 10000) in paragraph at lines 938--938

 []


Underfull \hbox (badness 10000) in paragraph at lines 938--938

 []

[23] [24]
Underfull \hbox (badness 10000) in paragraph at lines 956--956

 []


Underfull \hbox (badness 10000) in paragraph at lines 956--956

 []

[25] [26]
Underfull \hbox (badness 10000) in paragraph at lines 987--987
[]$[][][][][] [] [] [] [][][] [] [][][][][][][] [] [][][] [] [][][][][] [] [] []
 []


Underfull \hbox (badness 10000) in paragraph at lines 987--987

 []


Underfull \hbox (badness 10000) in paragraph at lines 987--987

 []


Underfull \hbox (badness 10000) in paragraph at lines 987--987

 []


Underfull \hbox (badness 10000) in paragraph at lines 987--987

 []


Underfull \hbox (badness 10000) in paragraph at lines 987--987
[]$[][][][][] [] [] [] [][][] [] [][][][][][][] [] [][][] [] [][][][][] [] [] []
 []


Underfull \hbox (badness 10000) in paragraph at lines 987--987

 []


Underfull \hbox (badness 10000) in paragraph at lines 987--987

 []


Underfull \hbox (badness 10000) in paragraph at lines 987--987

 []


Underfull \hbox (badness 10000) in paragraph at lines 987--987

 []


Underfull \hbox (badness 10000) in paragraph at lines 1000--1000

 []


Underfull \hbox (badness 10000) in paragraph at lines 1000--1000

 []


Underfull \hbox (badness 10000) in paragraph at lines 1051--1051

 []


Underfull \hbox (badness 10000) in paragraph at lines 1051--1051

 []


Underfull \hbox (badness 10000) in paragraph at lines 1051--1051

 []


Underfull \hbox (badness 10000) in paragraph at lines 1051--1051

 []


Underfull \hbox (badness 10000) in paragraph at lines 1051--1051

 []


Underfull \hbox (badness 10000) in paragraph at lines 1051--1051

 []


Underfull \hbox (badness 10000) in paragraph at lines 1051--1051

 []


Underfull \hbox (badness 10000) in paragraph at lines 1051--1051

 []


Underfull \hbox (badness 10000) in paragraph at lines 1051--1051

 []


Underfull \hbox (badness 10000) in paragraph at lines 1051--1051

 []


Underfull \hbox (badness 10000) in paragraph at lines 1051--1051

 []


Underfull \hbox (badness 10000) in paragraph at lines 1051--1051

 []


Underfull \hbox (badness 10000) in paragraph at lines 1051--1051

 []


Underfull \hbox (badness 10000) in paragraph at lines 1051--1051

 []

[27]
Underfull \hbox (badness 10000) in paragraph at lines 1062--1062

 []


Underfull \hbox (badness 10000) in paragraph at lines 1062--1062

 []


Underfull \hbox (badness 10000) in paragraph at lines 1071--1071

 []


Underfull \hbox (badness 10000) in paragraph at lines 1071--1071

 []


Underfull \hbox (badness 10000) in paragraph at lines 1093--1093

 []


Underfull \hbox (badness 10000) in paragraph at lines 1093--1093

 []

[28]
Underfull \hbox (badness 10000) in paragraph at lines 1112--1112

 []


Underfull \hbox (badness 10000) in paragraph at lines 1112--1112

 []


Underfull \hbox (badness 10000) in paragraph at lines 1122--1122

 []


Underfull \hbox (badness 10000) in paragraph at lines 1122--1122

 []


Underfull \hbox (badness 10000) in paragraph at lines 1131--1131

 []


Underfull \hbox (badness 10000) in paragraph at lines 1131--1131

 []


Underfull \hbox (badness 10000) in paragraph at lines 1139--1139

 []


Underfull \hbox (badness 10000) in paragraph at lines 1139--1139

 []


Underfull \hbox (badness 10000) in paragraph at lines 1146--1146

 []


Underfull \hbox (badness 10000) in paragraph at lines 1146--1146

 []


Underfull \hbox (badness 10000) in paragraph at lines 1159--1159

 []


Underfull \hbox (badness 10000) in paragraph at lines 1159--1159

 []


Underfull \hbox (badness 10000) in paragraph at lines 1189--1189

 []


Underfull \hbox (badness 10000) in paragraph at lines 1189--1189

 []


Underfull \hbox (badness 10000) in paragraph at lines 1189--1189

 []


Underfull \hbox (badness 10000) in paragraph at lines 1189--1189

 []


Underfull \hbox (badness 10000) in paragraph at lines 1189--1189

 []


Underfull \hbox (badness 10000) in paragraph at lines 1189--1189

 []


Underfull \hbox (badness 10000) in paragraph at lines 1189--1189

 []


Underfull \hbox (badness 10000) in paragraph at lines 1189--1189

 []


Underfull \hbox (badness 10000) in paragraph at lines 1189--1189

 []

[29]
Underfull \hbox (badness 10000) in paragraph at lines 1189--1189

 []


Underfull \hbox (badness 10000) in paragraph at lines 1215--1215

 []


Underfull \hbox (badness 10000) in paragraph at lines 1215--1215

 []


Underfull \hbox (badness 10000) in paragraph at lines 1248--1248

 []


Underfull \hbox (badness 10000) in paragraph at lines 1248--1248

 []


Underfull \hbox (badness 10000) in paragraph at lines 1248--1248

 []


Underfull \hbox (badness 10000) in paragraph at lines 1248--1248

 []


Underfull \hbox (badness 10000) in paragraph at lines 1248--1248

 []


Underfull \hbox (badness 10000) in paragraph at lines 1248--1248

 []


Underfull \hbox (badness 10000) in paragraph at lines 1248--1248

 []


Underfull \hbox (badness 10000) in paragraph at lines 1248--1248

 []

[30] [31]
Underfull \hbox (badness 10000) in paragraph at lines 1260--1260

 []


Underfull \hbox (badness 10000) in paragraph at lines 1260--1260

 []


Underfull \hbox (badness 10000) in paragraph at lines 1278--1278

 []


Underfull \hbox (badness 10000) in paragraph at lines 1278--1278

 []


Underfull \hbox (badness 10000) in paragraph at lines 1304--1304

 []


Underfull \hbox (badness 10000) in paragraph at lines 1304--1304

 []


Underfull \hbox (badness 10000) in paragraph at lines 1331--1331

 []


Underfull \hbox (badness 10000) in paragraph at lines 1331--1331

 []

[32]
Underfull \hbox (badness 10000) in paragraph at lines 1345--1345

 []


Underfull \hbox (badness 10000) in paragraph at lines 1345--1345

 []


Underfull \hbox (badness 10000) in paragraph at lines 1345--1345

 []


Underfull \hbox (badness 10000) in paragraph at lines 1345--1345

 []


Underfull \hbox (badness 10000) in paragraph at lines 1385--1385

 []


Underfull \hbox (badness 10000) in paragraph at lines 1385--1385

 []


Underfull \hbox (badness 10000) in paragraph at lines 1385--1385

 []


Underfull \hbox (badness 10000) in paragraph at lines 1385--1385

 []


Underfull \hbox (badness 10000) in paragraph at lines 1385--1385

 []


Underfull \hbox (badness 10000) in paragraph at lines 1385--1385

 []


Underfull \hbox (badness 10000) in paragraph at lines 1385--1385

 []


Underfull \hbox (badness 10000) in paragraph at lines 1385--1385

 []


Underfull \hbox (badness 10000) in paragraph at lines 1385--1385

 []


Underfull \hbox (badness 10000) in paragraph at lines 1385--1385

 []


Underfull \hbox (badness 10000) in paragraph at lines 1385--1385

 []


Underfull \hbox (badness 10000) in paragraph at lines 1385--1385

 []


Underfull \hbox (badness 10000) in paragraph at lines 1385--1385

 []


Underfull \hbox (badness 10000) in paragraph at lines 1385--1385

 []

[33]
Underfull \hbox (badness 10000) in paragraph at lines 1412--1412

 []


Underfull \hbox (badness 10000) in paragraph at lines 1412--1412

 []


Underfull \hbox (badness 10000) in paragraph at lines 1432--1432

 []


Underfull \hbox (badness 10000) in paragraph at lines 1432--1432

 []


Underfull \hbox (badness 10000) in paragraph at lines 1464--1464

 []


Underfull \hbox (badness 10000) in paragraph at lines 1464--1464

 []


Underfull \hbox (badness 10000) in paragraph at lines 1486--1486

 []


Underfull \hbox (badness 10000) in paragraph at lines 1486--1486

 []


Underfull \hbox (badness 10000) in paragraph at lines 1486--1486

 []

[34]
Underfull \hbox (badness 10000) in paragraph at lines 1486--1486

 []


Underfull \hbox (badness 10000) in paragraph at lines 1486--1486

 []


Underfull \hbox (badness 10000) in paragraph at lines 1486--1486

 []


Underfull \hbox (badness 10000) in paragraph at lines 1503--1503

 []


Underfull \hbox (badness 10000) in paragraph at lines 1503--1503

 []


Underfull \hbox (badness 10000) in paragraph at lines 1510--1510

 []


Underfull \hbox (badness 10000) in paragraph at lines 1510--1510

 []

[35]
Underfull \hbox (badness 10000) in paragraph at lines 1526--1526

 []


Underfull \hbox (badness 10000) in paragraph at lines 1526--1526

 []


Underfull \hbox (badness 10000) in paragraph at lines 1545--1545

 []


Underfull \hbox (badness 10000) in paragraph at lines 1545--1545

 []


Underfull \hbox (badness 10000) in paragraph at lines 1571--1571

 []


Underfull \hbox (badness 10000) in paragraph at lines 1571--1571

 []


Underfull \hbox (badness 10000) in paragraph at lines 1589--1589

 []


Underfull \hbox (badness 10000) in paragraph at lines 1589--1589

 []


Underfull \hbox (badness 10000) in paragraph at lines 1617--1617

 []

[36]
Underfull \hbox (badness 10000) in paragraph at lines 1617--1617

 []


Underfull \hbox (badness 10000) in paragraph at lines 1642--1642

 []


Underfull \hbox (badness 10000) in paragraph at lines 1642--1642

 []


Underfull \hbox (badness 10000) in paragraph at lines 1660--1660

 []


Underfull \hbox (badness 10000) in paragraph at lines 1660--1660

 []

[37]
Underfull \hbox (badness 10000) in paragraph at lines 1676--1676

 []


Underfull \hbox (badness 10000) in paragraph at lines 1676--1676

 []


Underfull \hbox (badness 10000) in paragraph at lines 1690--1690

 []


Underfull \hbox (badness 10000) in paragraph at lines 1690--1690

 []


Underfull \hbox (badness 10000) in paragraph at lines 1717--1717

 []


Underfull \hbox (badness 10000) in paragraph at lines 1717--1717

 []

[38]
Underfull \hbox (badness 10000) in paragraph at lines 1732--1732

 []


Underfull \hbox (badness 10000) in paragraph at lines 1732--1732

 []

[39]
Underfull \hbox (badness 10000) in paragraph at lines 1756--1756

 []


Underfull \hbox (badness 10000) in paragraph at lines 1756--1756

 []


Underfull \hbox (badness 10000) in paragraph at lines 1787--1787

 []


Underfull \hbox (badness 10000) in paragraph at lines 1787--1787

 []


Underfull \hbox (badness 10000) in paragraph at lines 1787--1787

 []


Underfull \hbox (badness 10000) in paragraph at lines 1787--1787

 []


Underfull \hbox (badness 10000) in paragraph at lines 1787--1787

 []


Underfull \hbox (badness 10000) in paragraph at lines 1787--1787

 []


Underfull \hbox (badness 10000) in paragraph at lines 1799--1799

 []


Underfull \hbox (badness 10000) in paragraph at lines 1799--1799

 []


Underfull \hbox (badness 10000) in paragraph at lines 1808--1808

 []


Underfull \hbox (badness 10000) in paragraph at lines 1808--1808

 []

[40]
Underfull \hbox (badness 10000) in paragraph at lines 1819--1819

 []


Underfull \hbox (badness 10000) in paragraph at lines 1819--1819

 []


Underfull \hbox (badness 10000) in paragraph at lines 1832--1832

 []


Underfull \hbox (badness 10000) in paragraph at lines 1832--1832

 []

[41] [42]
Underfull \hbox (badness 10000) in paragraph at lines 1845--1845

 []


Underfull \hbox (badness 10000) in paragraph at lines 1845--1845

 []


Underfull \hbox (badness 10000) in paragraph at lines 1861--1861

 []


Underfull \hbox (badness 10000) in paragraph at lines 1861--1861

 []


Underfull \hbox (badness 10000) in paragraph at lines 1861--1861

 []


Underfull \hbox (badness 10000) in paragraph at lines 1861--1861

 []


Underfull \hbox (badness 10000) in paragraph at lines 1872--1872

 []


Underfull \hbox (badness 10000) in paragraph at lines 1872--1872

 []


Underfull \hbox (badness 10000) in paragraph at lines 1881--1881

 []


Underfull \hbox (badness 10000) in paragraph at lines 1881--1881

 []


Underfull \hbox (badness 10000) in paragraph at lines 1906--1906

 []


Underfull \hbox (badness 10000) in paragraph at lines 1906--1906

 []


Underfull \hbox (badness 10000) in paragraph at lines 1906--1906

 []


Underfull \hbox (badness 10000) in paragraph at lines 1906--1906

 []


Underfull \hbox (badness 10000) in paragraph at lines 1906--1906

 []


Underfull \hbox (badness 10000) in paragraph at lines 1906--1906

 []


Underfull \hbox (badness 10000) in paragraph at lines 1906--1906

 []


Underfull \hbox (badness 10000) in paragraph at lines 1906--1906

 []


Overfull \hbox (16.79881pt too wide) in paragraph at lines 1934--1934
[]$[][][][][] [] [] [] [][][] [] [][][][][][][] [] [][][] [] [][][][][] [] [] [] [][][][][][][][][][][]$[] 
 []


Underfull \hbox (badness 10000) in paragraph at lines 1934--1934

 []


Overfull \hbox (16.79881pt too wide) in paragraph at lines 1934--1934
[]$[][][][][] [] [] [] [][][] [] [][][][][][][] [] [][][] [] [][][][][] [] [] [] [][][][][][][][][][][]$[] 
 []


Underfull \hbox (badness 10000) in paragraph at lines 1934--1934

 []

[43] [44] [45] [46] [47] [48] [49]
Underfull \hbox (badness 10000) in paragraph at lines 1956--1956

 []


Underfull \hbox (badness 10000) in paragraph at lines 1956--1956

 []


Underfull \hbox (badness 10000) in paragraph at lines 1972--1972

 []


Underfull \hbox (badness 10000) in paragraph at lines 1972--1972

 []

[50]
Underfull \hbox (badness 10000) in paragraph at lines 1975--1976
\TU/LinuxBiolinumO(1)/m/n/14.4 [1] Jeder gestorbene (Angola-)Meister
 []

[51]
The property list \polyglossia@langsetup contains the pairs (without outer
braces):
>  {latex/script}  =>  {latin}
>  {latex/lcscript}  =>  {latin}
>  {latex/scripttag}  =>  {}
>  {latex/language}  =>  {Latex}
>  {latex/langtag}  =>  {ENG}
>  {latex/bcp47}  =>  {}
>  {latex/hyphennames}  =>  {english}
>  {latex/direction}  =>  {LR}
>  {latex/hyphenmins}  =>  {2,3}
>  {latex/frenchspacing}  =>  {false}
>  {latex/indentfirst}  =>  {false}
>  {latex/fontsetup}  =>  {true}
>  {latex/envname}  =>  {latex}
>  {latex/babelname}  =>  {latex}
>  {latex/localnumeral}  =>  {polyglossia@C@localnumeral}
>  {latex/Localnumeral}  =>  {polyglossia@C@localnumeral}
>  {latex/DefineCommandsCmd}  =>  {use_none:n}
>  {german/script}  =>  {latin}
>  {german/lcscript}  =>  {latin}
>  {german/scripttag}  =>  {}
>  {german/language}  =>  {German}
>  {german/langtag}  =>  {DEU}
>  {german/bcp47}  =>  {de-DE}
>  {german/hyphennames}  =>  {}
>  {german/direction}  =>  {LR}
>  {german/hyphenmins}  =>  {2,2}
>  {german/frenchspacing}  =>  {true}
>  {german/indentfirst}  =>  {false}
>  {german/fontsetup}  =>  {true}
>  {german/envname}  =>  {german}
>  {german/babelname}  =>  {ngerman}
>  {german/localnumeral}  =>  {polyglossia@C@localnumeral}
>  {german/Localnumeral}  =>  {polyglossia@C@localnumeral}
>  {german/DefineCommandsCmd}  =>  {xpg_define_language_commands:e}
>  {english/script}  =>  {latin}
>  {english/lcscript}  =>  {latin}
>  {english/scripttag}  =>  {}
>  {english/language}  =>  {English}
>  {english/langtag}  =>  {ENG}
>  {english/bcp47}  =>  {en-US}
>  {english/hyphennames}  =>  {english,american,usenglish,USenglish}
>  {english/direction}  =>  {LR}
>  {english/hyphenmins}  =>  {2,3}
>  {english/frenchspacing}  =>  {false}
>  {english/indentfirst}  =>  {false}
>  {english/fontsetup}  =>  {true}
>  {english/envname}  =>  {english}
>  {english/babelname}  =>  {american}
>  {english/localnumeral}  =>  {polyglossia@C@localnumeral}
>  {english/Localnumeral}  =>  {polyglossia@C@localnumeral}
>  {english/DefineCommandsCmd}  =>  {xpg_define_language_commands:e}.
The property list \__xpg_alias contains the pairs (without outer braces):
>  {latex/target}  =>  {latex}
>  {german/target}  =>  {german}
>  {de/target}  =>  {german}
>  {de-CH/target}  =>  {german}
>  {de-CH/variant}  =>  {swiss}
>  {de-CH/options}  =>  {variant=swiss,spelling=new}
>  {de-AT/target}  =>  {german}
>  {de-AT/variant}  =>  {austrian}
>  {de-AT/options}  =>  {variant=austrian,spelling=new}
>  {de-DE/target}  =>  {german}
>  {de-DE/variant}  =>  {german}
>  {de-DE/options}  =>  {variant=german,spelling=new}
>  {de-Latf-CH/target}  =>  {german}
>  {de-Latf-CH/variant}  =>  {swiss}
>  {de-Latf-CH/options}  =>  {variant=swiss,spelling=new,script=blackletter}
>  {de-Latf-DE/target}  =>  {german}
>  {de-Latf-DE/variant}  =>  {german}
>  {de-Latf-DE/options}  =>  {variant=german,spelling=new,script=blackletter}
>  {de-Latf-AT/target}  =>  {german}
>  {de-Latf-AT/variant}  =>  {austrian}
>  {de-Latf-AT/options}  => 
{variant=austrian,spelling=new,script=blackletter}
>  {de-AT-1901/target}  =>  {german}
>  {de-AT-1901/variant}  =>  {austrian}
>  {de-AT-1901/options}  =>  {variant=austrian,spelling=old}
>  {de-CH-1996/target}  =>  {german}
>  {de-CH-1996/variant}  =>  {swiss}
>  {de-CH-1996/options}  =>  {variant=swiss,spelling=new}
>  {de-AT-1996/target}  =>  {german}
>  {de-AT-1996/variant}  =>  {austrian}
>  {de-AT-1996/options}  =>  {variant=austrian,spelling=new}
>  {de-DE-1901/target}  =>  {german}
>  {de-DE-1901/variant}  =>  {german}
>  {de-DE-1901/options}  =>  {variant=german,spelling=old}
>  {de-Latf-CH-1901/target}  =>  {german}
>  {de-Latf-CH-1901/variant}  =>  {swiss}
>  {de-Latf-CH-1901/options}  => 
{variant=swiss,spelling=old,script=blackletter}
>  {de-CH-1901/target}  =>  {german}
>  {de-CH-1901/variant}  =>  {swiss}
>  {de-CH-1901/options}  =>  {variant=swiss,spelling=old}
>  {de-Latf-AT-1901/target}  =>  {german}
>  {de-Latf-AT-1901/variant}  =>  {austrian}
>  {de-Latf-AT-1901/options}  => 
{variant=austrian,spelling=old,script=blackletter}
>  {de-Latf-CH-1996/target}  =>  {german}
>  {de-Latf-CH-1996/variant}  =>  {swiss}
>  {de-Latf-CH-1996/options}  => 
{variant=swiss,spelling=new,script=blackletter}
>  {de-Latf/target}  =>  {german}
>  {de-Latf/options}  =>  {script=blackletter}
>  {de-DE-1996/target}  =>  {german}
>  {de-DE-1996/variant}  =>  {german}
>  {de-DE-1996/options}  =>  {variant=german,spelling=new}
>  {de-Latf-DE-1901/target}  =>  {german}
>  {de-Latf-DE-1901/variant}  =>  {german}
>  {de-Latf-DE-1901/options}  => 
{variant=german,spelling=old,script=blackletter}
>  {de-Latf-DE-1996/target}  =>  {german}
>  {de-Latf-DE-1996/variant}  =>  {german}
>  {de-Latf-DE-1996/options}  => 
{variant=german,spelling=new,script=blackletter}
>  {de-Latf-AT-1996/target}  =>  {german}
>  {de-Latf-AT-1996/variant}  =>  {austrian}
>  {de-Latf-AT-1996/options}  => 
{variant=austrian,spelling=new,script=blackletter}
>  {austrian/target}  =>  {german}
>  {austrian/variant}  =>  {austrian}
>  {austrian/options}  =>  {variant=austrian,spelling=old}
>  {naustrian/target}  =>  {german}
>  {naustrian/variant}  =>  {austrian}
>  {naustrian/options}  =>  {variant=austrian,spelling=new}
>  {germanb/target}  =>  {german}
>  {germanb/variant}  =>  {german}
>  {germanb/options}  =>  {variant=german,spelling=old}
>  {ngerman/target}  =>  {german}
>  {ngerman/variant}  =>  {german}
>  {ngerman/options}  =>  {variant=german,spelling=new}
>  {swissgerman/target}  =>  {german}
>  {swissgerman/variant}  =>  {swiss}
>  {swissgerman/options}  =>  {variant=swiss,spelling=old}
>  {nswissgerman/target}  =>  {german}
>  {nswissgerman/variant}  =>  {swiss}
>  {nswissgerman/options}  =>  {variant=swiss,spelling=new}
>  {english/target}  =>  {english}
>  {en/target}  =>  {english}
>  {en-AU/target}  =>  {english}
>  {en-AU/variant}  =>  {australian}
>  {en-AU/options}  =>  {variant=australian}
>  {en-CA/target}  =>  {english}
>  {en-CA/variant}  =>  {canadian}
>  {en-CA/options}  =>  {variant=canadian}
>  {en-GB/target}  =>  {english}
>  {en-GB/variant}  =>  {british}
>  {en-GB/options}  =>  {variant=british}
>  {en-NZ/target}  =>  {english}
>  {en-NZ/variant}  =>  {newzealand}
>  {en-NZ/options}  =>  {variant=newzealand}
>  {en-US/target}  =>  {english}
>  {en-US/variant}  =>  {us}
>  {en-US/options}  =>  {variant=us}
>  {american/target}  =>  {english}
>  {american/variant}  =>  {us}
>  {american/options}  =>  {variant=us}
>  {australian/target}  =>  {english}
>  {australian/variant}  =>  {australian}
>  {australian/options}  =>  {variant=australian}
>  {british/target}  =>  {english}
>  {british/variant}  =>  {british}
>  {british/options}  =>  {variant=british}
>  {canadian/target}  =>  {english}
>  {canadian/variant}  =>  {canadian}
>  {canadian/options}  =>  {variant=canadian}
>  {newzealand/target}  =>  {english}
>  {newzealand/variant}  =>  {newzealand}
>  {newzealand/options}  =>  {variant=newzealand}.
 [52] (./main.aux
LaTeX Info: Redefining \rmfamily on input line 20.
LaTeX Info: Redefining \sffamily on input line 20.
LaTeX Info: Redefining \ttfamily on input line 20.
)
Package rerunfilecheck Info: File `main.out' has not changed.
(rerunfilecheck)             Checksum: D41D8CD98F00B204E9800998ECF8427E;0.
 ) 
Here is how much of TeX's memory you used:
 28594 strings out of 476684
 661740 string characters out of 5781117
 1882018 words of memory out of 5000000
 48420 multiletter control sequences out of 15000+600000
 528263 words of font info for 136 fonts, out of 8000000 for 9000
 1348 hyphenation exceptions out of 8191
 108i,13n,117p,10622b,852s stack positions out of 10000i,1000n,20000p,200000b,200000s

Output written on main.xdv (52 pages, 474752 bytes).
